[ 2015-05-27T14:18:44+08:00 ] 127.0.0.1 /1/dgds/
INFO: [ app_init ] --START--
INFO: Run Behavior\BuildLiteBehavior [ RunTime:0.000000s ]
INFO: [ app_init ] --END-- [ RunTime:0.040000s ]
INFO: [ app_begin ] --START--
INFO: Run Behavior\ReadHtmlCacheBehavior [ RunTime:0.000000s ]
INFO: [ app_begin ] --END-- [ RunTime:0.000000s ]
INFO: [ view_parse ] --START--
INFO: Run Behavior\ParseTemplateBehavior [ RunTime:0.020000s ]
INFO: [ view_parse ] --END-- [ RunTime:0.020000s ]
INFO: [ view_filter ] --START--
INFO: Run Behavior\WriteHtmlCacheBehavior [ RunTime:0.020000s ]
INFO: [ view_filter ] --END-- [ RunTime:0.020000s ]
INFO: [ app_end ] --START--
INFO: Run Behavior\ShowPageTraceBehavior [ RunTime:0.010000s ]
INFO: [ app_end ] --END-- [ RunTime:0.010000s ]

[ 2015-05-27T14:27:26+08:00 ] 127.0.0.1 /1/dgds/index.php/home/user
INFO: [ app_init ] --START--
INFO: Run Behavior\BuildLiteBehavior [ RunTime:0.000000s ]
INFO: [ app_init ] --END-- [ RunTime:0.000000s ]
INFO: [ app_begin ] --START--
INFO: Run Behavior\ReadHtmlCacheBehavior [ RunTime:0.000000s ]
INFO: [ app_begin ] --END-- [ RunTime:0.000000s ]

[ 2015-05-27T14:31:09+08:00 ] 127.0.0.1 /1/dgds/index.php/home/user
INFO: [ app_init ] --START--
INFO: Run Behavior\BuildLiteBehavior [ RunTime:0.000000s ]
INFO: [ app_init ] --END-- [ RunTime:0.000000s ]
INFO: [ app_begin ] --START--
INFO: Run Behavior\ReadHtmlCacheBehavior [ RunTime:0.000000s ]
INFO: [ app_begin ] --END-- [ RunTime:0.000000s ]

[ 2015-05-27T14:31:10+08:00 ] 127.0.0.1 /1/dgds/index.php/home/user
INFO: [ app_init ] --START--
INFO: Run Behavior\BuildLiteBehavior [ RunTime:0.000000s ]
INFO: [ app_init ] --END-- [ RunTime:0.000000s ]
INFO: [ app_begin ] --START--
INFO: Run Behavior\ReadHtmlCacheBehavior [ RunTime:0.010000s ]
INFO: [ app_begin ] --END-- [ RunTime:0.010000s ]

[ 2015-05-27T14:31:22+08:00 ] 127.0.0.1 /1/dgds/index.php/home/user/regidter
INFO: [ app_init ] --START--
INFO: Run Behavior\BuildLiteBehavior [ RunTime:0.000000s ]
INFO: [ app_init ] --END-- [ RunTime:0.000000s ]
INFO: [ app_begin ] --START--
INFO: Run Behavior\ReadHtmlCacheBehavior [ RunTime:0.001000s ]
INFO: [ app_begin ] --END-- [ RunTime:0.001000s ]

[ 2015-05-27T14:31:39+08:00 ] 127.0.0.1 /1/dgds/index.php/home/user/register
INFO: [ app_init ] --START--
INFO: Run Behavior\BuildLiteBehavior [ RunTime:0.000000s ]
INFO: [ app_init ] --END-- [ RunTime:0.000000s ]
INFO: [ app_begin ] --START--
INFO: Run Behavior\ReadHtmlCacheBehavior [ RunTime:0.000000s ]
INFO: [ app_begin ] --END-- [ RunTime:0.000000s ]

[ 2015-05-27T14:40:07+08:00 ] 127.0.0.1 /1/dgds/index.php/home/user/register
INFO: [ app_init ] --START--
INFO: Run Behavior\BuildLiteBehavior [ RunTime:0.000000s ]
INFO: [ app_init ] --END-- [ RunTime:0.000000s ]
INFO: [ app_begin ] --START--
INFO: Run Behavior\ReadHtmlCacheBehavior [ RunTime:0.000000s ]
INFO: [ app_begin ] --END-- [ RunTime:0.000000s ]
SQL: SHOW COLUMNS FROM `nkbh_user` [ RunTime:0.0820s ]
NOTIC: [8] Undefined variable: user D:\WWW\1\dgds\Application\Home\Controller\UserController.class.php 第 58 行.
NOTIC: [8] Undefined index: nickname D:\WWW\1\dgds\Application\Home\Controller\UserController.class.php 第 59 行.
NOTIC: [8] Undefined index: password D:\WWW\1\dgds\Application\Home\Controller\UserController.class.php 第 60 行.
NOTIC: [8] Undefined index: name D:\WWW\1\dgds\Application\Home\Controller\UserController.class.php 第 61 行.
NOTIC: [8] Undefined variable: POST D:\WWW\1\dgds\Application\Home\Controller\UserController.class.php 第 62 行.
NOTIC: [8] Undefined variable: POST D:\WWW\1\dgds\Application\Home\Controller\UserController.class.php 第 63 行.
NOTIC: [8] Undefined index: email D:\WWW\1\dgds\Application\Home\Controller\UserController.class.php 第 64 行.
NOTIC: [8] Undefined variable: POST D:\WWW\1\dgds\Application\Home\Controller\UserController.class.php 第 67 行.

[ 2015-05-27T14:41:09+08:00 ] 127.0.0.1 /1/dgds/index.php/home/user/register
INFO: [ app_init ] --START--
INFO: Run Behavior\BuildLiteBehavior [ RunTime:0.000000s ]
INFO: [ app_init ] --END-- [ RunTime:0.002000s ]
INFO: [ app_begin ] --START--
INFO: Run Behavior\ReadHtmlCacheBehavior [ RunTime:0.001000s ]
INFO: [ app_begin ] --END-- [ RunTime:0.001000s ]
SQL: SHOW COLUMNS FROM `nkbh_user` [ RunTime:0.0200s ]
NOTIC: [8] Undefined variable: user D:\WWW\1\dgds\Application\Home\Controller\UserController.class.php 第 58 行.
NOTIC: [8] Undefined index: nickname D:\WWW\1\dgds\Application\Home\Controller\UserController.class.php 第 59 行.
NOTIC: [8] Undefined index: password D:\WWW\1\dgds\Application\Home\Controller\UserController.class.php 第 60 行.
NOTIC: [8] Undefined index: name D:\WWW\1\dgds\Application\Home\Controller\UserController.class.php 第 61 行.
NOTIC: [8] Undefined variable: POST D:\WWW\1\dgds\Application\Home\Controller\UserController.class.php 第 62 行.
NOTIC: [8] Undefined variable: POST D:\WWW\1\dgds\Application\Home\Controller\UserController.class.php 第 63 行.
NOTIC: [8] Undefined index: email D:\WWW\1\dgds\Application\Home\Controller\UserController.class.php 第 64 行.
NOTIC: [8] Undefined variable: POST D:\WWW\1\dgds\Application\Home\Controller\UserController.class.php 第 67 行.

[ 2015-05-27T14:54:06+08:00 ] 127.0.0.1 /1/dgds/index.php/home/user/register
INFO: [ app_init ] --START--
INFO: Run Behavior\BuildLiteBehavior [ RunTime:0.000000s ]
INFO: [ app_init ] --END-- [ RunTime:0.001000s ]
INFO: [ app_begin ] --START--
INFO: Run Behavior\ReadHtmlCacheBehavior [ RunTime:0.000000s ]
INFO: [ app_begin ] --END-- [ RunTime:0.000000s ]
SQL: SHOW COLUMNS FROM `nkbh_user` [ RunTime:0.0490s ]
NOTIC: [8] Undefined variable: user D:\WWW\1\dgds\Application\Home\Controller\UserController.class.php 第 58 行.
NOTIC: [8] Undefined index: nickname D:\WWW\1\dgds\Application\Home\Controller\UserController.class.php 第 59 行.
NOTIC: [8] Undefined index: password D:\WWW\1\dgds\Application\Home\Controller\UserController.class.php 第 60 行.
NOTIC: [8] Undefined index: name D:\WWW\1\dgds\Application\Home\Controller\UserController.class.php 第 61 行.
NOTIC: [8] Undefined variable: POST D:\WWW\1\dgds\Application\Home\Controller\UserController.class.php 第 62 行.
NOTIC: [8] Undefined variable: POST D:\WWW\1\dgds\Application\Home\Controller\UserController.class.php 第 63 行.
NOTIC: [8] Undefined index: email D:\WWW\1\dgds\Application\Home\Controller\UserController.class.php 第 64 行.
NOTIC: [8] Undefined variable: POST D:\WWW\1\dgds\Application\Home\Controller\UserController.class.php 第 67 行.

[ 2015-05-27T15:02:54+08:00 ] 127.0.0.1 /1/dgds/index.php/home/user/register
INFO: [ app_init ] --START--
INFO: Run Behavior\BuildLiteBehavior [ RunTime:0.000000s ]
INFO: [ app_init ] --END-- [ RunTime:0.041002s ]
INFO: [ app_begin ] --START--
INFO: Run Behavior\ReadHtmlCacheBehavior [ RunTime:0.043003s ]
INFO: [ app_begin ] --END-- [ RunTime:0.043003s ]
SQL: SHOW COLUMNS FROM `nkbh_user` [ RunTime:0.0460s ]
NOTIC: [8] Undefined variable: user D:\WWW\1\dgds\Application\Home\Controller\UserController.class.php 第 58 行.
NOTIC: [8] Undefined index: nickname D:\WWW\1\dgds\Application\Home\Controller\UserController.class.php 第 59 行.
NOTIC: [8] Undefined index: password D:\WWW\1\dgds\Application\Home\Controller\UserController.class.php 第 60 行.
NOTIC: [8] Undefined index: name D:\WWW\1\dgds\Application\Home\Controller\UserController.class.php 第 61 行.
NOTIC: [8] Undefined variable: POST D:\WWW\1\dgds\Application\Home\Controller\UserController.class.php 第 62 行.
NOTIC: [8] Undefined variable: POST D:\WWW\1\dgds\Application\Home\Controller\UserController.class.php 第 63 行.
NOTIC: [8] Undefined index: email D:\WWW\1\dgds\Application\Home\Controller\UserController.class.php 第 64 行.
NOTIC: [8] Undefined variable: POST D:\WWW\1\dgds\Application\Home\Controller\UserController.class.php 第 67 行.
ERR: SQLSTATE[23000]: Integrity constraint violation: 1048 Column 'nickname' cannot be null

[ 2015-05-27T15:06:27+08:00 ] 127.0.0.1 /1/dgds/index.php/home/user/register
ERR: SQLSTATE[23000]: Integrity constraint violation: 1048 Column 'nickname' cannot be null

[ 2015-05-27T15:09:03+08:00 ] 127.0.0.1 /1/dgds/index.php/home/user/register
ERR: SQLSTATE[23000]: Integrity constraint violation: 1048 Column 'nickname' cannot be null

[ 2015-05-27T15:19:38+08:00 ] 127.0.0.1 /1/dgds/index.php/Home/User/register.html
ERR: SQLSTATE[23000]: Integrity constraint violation: 1048 Column 'gender' cannot be null

[ 2015-05-27T15:39:02+08:00 ] 127.0.0.1 /1/dgds/index.php/home/user/rhtml
ERR: 非法操作:rhtml

[ 2015-05-27T16:02:42+08:00 ] 127.0.0.1 /1/dgds/index.php/Home/User/userRegister.html
ERR: SQLSTATE[23000]: Integrity constraint violation: 1048 Column 'username' cannot be null

[ 2015-05-27T16:05:38+08:00 ] 127.0.0.1 /1/dgds/index.php/Home/User/userRegister.html
ERR: SQLSTATE[23000]: Integrity constraint violation: 1048 Column 'username' cannot be null

[ 2015-05-27T16:10:18+08:00 ] 127.0.0.1 /1/dgds/index.php/Home/User/userRegister.html
ERR: SQLSTATE[23000]: Integrity constraint violation: 1048 Column 'username' cannot be null

[ 2015-05-27T16:11:56+08:00 ] 127.0.0.1 /1/dgds/index.php/Home/User/userRegister.html
ERR: SQLSTATE[23000]: Integrity constraint violation: 1048 Column 'gender' cannot be null

