[ 2015-05-31T12:02:20+08:00 ] 127.0.0.1 /1/dgds/Public/public/css/login.css
INFO: [ app_init ] --START--
INFO: Run Behavior\BuildLiteBehavior [ RunTime:0.000000s ]
INFO: [ app_init ] --END-- [ RunTime:0.000000s ]
ERR: 无法加载模块:Dgds

[ 2015-05-31T12:02:20+08:00 ] 127.0.0.1 /1/dgds/Public/public/css/base.css
INFO: [ app_init ] --START--
INFO: Run Behavior\BuildLiteBehavior [ RunTime:0.000000s ]
INFO: [ app_init ] --END-- [ RunTime:0.000000s ]
ERR: 无法加载模块:Dgds

[ 2015-05-31T14:11:20+08:00 ] 127.0.0.1 /1/dgds/Public/public/css/base.css
INFO: [ app_init ] --START--
INFO: Run Behavior\BuildLiteBehavior [ RunTime:0.000000s ]
INFO: [ app_init ] --END-- [ RunTime:0.015600s ]
ERR: 无法加载模块:Dgds

[ 2015-05-31T14:11:20+08:00 ] 127.0.0.1 /1/dgds/Public/public/css/login.css
INFO: [ app_init ] --START--
INFO: Run Behavior\BuildLiteBehavior [ RunTime:0.000000s ]
INFO: [ app_init ] --END-- [ RunTime:0.000000s ]
ERR: 无法加载模块:Dgds

[ 2015-05-31T14:13:56+08:00 ] 127.0.0.1 /1/dgds/Public/public/css/base.css
INFO: [ app_init ] --START--
INFO: Run Behavior\BuildLiteBehavior [ RunTime:0.000000s ]
INFO: [ app_init ] --END-- [ RunTime:0.000000s ]
ERR: 无法加载模块:Dgds

[ 2015-05-31T14:13:56+08:00 ] 127.0.0.1 /1/dgds/Public/public/css/login.css
INFO: [ app_init ] --START--
INFO: Run Behavior\BuildLiteBehavior [ RunTime:0.000000s ]
INFO: [ app_init ] --END-- [ RunTime:0.000000s ]
ERR: 无法加载模块:Dgds

[ 2015-05-31T15:46:59+08:00 ] 127.0.0.1 /1/dgds/Public/public/css/base.css
INFO: [ app_init ] --START--
INFO: Run Behavior\BuildLiteBehavior [ RunTime:0.000000s ]
INFO: [ app_init ] --END-- [ RunTime:0.050000s ]
ERR: 无法加载模块:Dgds

[ 2015-05-31T15:46:59+08:00 ] 127.0.0.1 /1/dgds/Public/public/css/login.css
INFO: [ app_init ] --START--
INFO: Run Behavior\BuildLiteBehavior [ RunTime:0.000000s ]
INFO: [ app_init ] --END-- [ RunTime:0.000000s ]
ERR: 无法加载模块:Dgds

[ 2015-05-31T16:17:29+08:00 ] 127.0.0.1 /1/dgds/Public/public/css/base.css
INFO: [ app_init ] --START--
INFO: Run Behavior\BuildLiteBehavior [ RunTime:0.000000s ]
INFO: [ app_init ] --END-- [ RunTime:0.001000s ]
ERR: 无法加载模块:Dgds

[ 2015-05-31T16:17:29+08:00 ] 127.0.0.1 /1/dgds/Public/public/css/login.css
INFO: [ app_init ] --START--
INFO: Run Behavior\BuildLiteBehavior [ RunTime:0.000000s ]
INFO: [ app_init ] --END-- [ RunTime:0.002000s ]
ERR: 无法加载模块:Dgds

[ 2015-05-31T16:20:56+08:00 ] 127.0.0.1 /1/dgds/Public/public/css/base.css
INFO: [ app_init ] --START--
INFO: Run Behavior\BuildLiteBehavior [ RunTime:0.000000s ]
INFO: [ app_init ] --END-- [ RunTime:0.001000s ]
ERR: 无法加载模块:Dgds

[ 2015-05-31T16:20:56+08:00 ] 127.0.0.1 /1/dgds/Public/public/css/login.css
INFO: [ app_init ] --START--
INFO: Run Behavior\BuildLiteBehavior [ RunTime:0.000000s ]
INFO: [ app_init ] --END-- [ RunTime:0.000000s ]
ERR: 无法加载模块:Dgds

