[ 2015-05-26T16:49:20+08:00 ] 127.0.0.1 /1/dgds/home/login
INFO: [ app_init ] --START--
INFO: Run Behavior\BuildLiteBehavior [ RunTime:0.000000s ]
INFO: [ app_init ] --END-- [ RunTime:0.001000s ]
ERR: 无法加载模块:Dgds

[ 2015-05-26T16:53:37+08:00 ] 127.0.0.1 /1/dgds/Public/public/css/base.css
INFO: [ app_init ] --START--
INFO: Run Behavior\BuildLiteBehavior [ RunTime:0.000000s ]
INFO: [ app_init ] --END-- [ RunTime:0.000000s ]
ERR: 无法加载模块:Dgds

[ 2015-05-26T16:53:37+08:00 ] 127.0.0.1 /1/dgds/Public/public/css/login.css
INFO: [ app_init ] --START--
INFO: Run Behavior\BuildLiteBehavior [ RunTime:0.000000s ]
INFO: [ app_init ] --END-- [ RunTime:0.000000s ]
ERR: 无法加载模块:Dgds

[ 2015-05-26T17:30:32+08:00 ] 127.0.0.1 /1/dgds/Public/public/css/base.css
INFO: [ app_init ] --START--
INFO: Run Behavior\BuildLiteBehavior [ RunTime:0.000000s ]
INFO: [ app_init ] --END-- [ RunTime:0.001000s ]
ERR: 无法加载模块:Dgds

[ 2015-05-26T17:30:32+08:00 ] 127.0.0.1 /1/dgds/Public/public/css/login.css
INFO: [ app_init ] --START--
INFO: Run Behavior\BuildLiteBehavior [ RunTime:0.000000s ]
INFO: [ app_init ] --END-- [ RunTime:0.002001s ]
ERR: 无法加载模块:Dgds

[ 2015-05-26T17:33:01+08:00 ] 127.0.0.1 /1/dgds/Public/public/css/base.css
INFO: [ app_init ] --START--
INFO: Run Behavior\BuildLiteBehavior [ RunTime:0.000000s ]
INFO: [ app_init ] --END-- [ RunTime:0.002000s ]
ERR: 无法加载模块:Dgds

[ 2015-05-26T17:33:01+08:00 ] 127.0.0.1 /1/dgds/Public/public/css/login.css
INFO: [ app_init ] --START--
INFO: Run Behavior\BuildLiteBehavior [ RunTime:0.000000s ]
INFO: [ app_init ] --END-- [ RunTime:0.002001s ]
ERR: 无法加载模块:Dgds

[ 2015-05-26T17:33:30+08:00 ] 127.0.0.1 /1/dgds/Public/public/css/base.css
INFO: [ app_init ] --START--
INFO: Run Behavior\BuildLiteBehavior [ RunTime:0.000000s ]
INFO: [ app_init ] --END-- [ RunTime:0.003000s ]
ERR: 无法加载模块:Dgds

[ 2015-05-26T17:33:30+08:00 ] 127.0.0.1 /1/dgds/Public/public/css/login.css
INFO: [ app_init ] --START--
INFO: Run Behavior\BuildLiteBehavior [ RunTime:0.000000s ]
INFO: [ app_init ] --END-- [ RunTime:0.002000s ]
ERR: 无法加载模块:Dgds

