[ 2015-06-17T16:25:33+08:00 ] 127.0.0.1 /2/dgds/dgds/Application/Assets/Admin/js/jquery-1.11.3.min.js
INFO: [ app_init ] --START--
INFO: Run Behavior\BuildLiteBehavior [ RunTime:0.000000s ]
INFO: [ app_init ] --END-- [ RunTime:0.001001s ]
ERR: 无法加载模块:Dgds

[ 2015-06-17T16:27:50+08:00 ] 127.0.0.1 /2/dgds/Assets/Admin/js/jquery-1.11.3.min.js
INFO: [ app_init ] --START--
INFO: Run Behavior\BuildLiteBehavior [ RunTime:0.000000s ]
INFO: [ app_init ] --END-- [ RunTime:0.001000s ]
ERR: 无法加载模块:Dgds

[ 2015-06-17T16:31:33+08:00 ] 127.0.0.1 /2/dgds/Assets/Admin/js/jquery-1.11.3.min.js
INFO: [ app_init ] --START--
INFO: Run Behavior\BuildLiteBehavior [ RunTime:0.000000s ]
INFO: [ app_init ] --END-- [ RunTime:0.001000s ]
ERR: 无法加载模块:Dgds

[ 2015-06-17T16:31:46+08:00 ] 127.0.0.1 /2/dgds/Assets/Admin/js/jquery-1.11.3.min.js
INFO: [ app_init ] --START--
INFO: Run Behavior\BuildLiteBehavior [ RunTime:0.000000s ]
INFO: [ app_init ] --END-- [ RunTime:0.002000s ]
ERR: 无法加载模块:Dgds

[ 2015-06-17T16:32:06+08:00 ] 127.0.0.1 /2/dgds/Assets/Admin/js/jquery-1.11.3.min.js
INFO: [ app_init ] --START--
INFO: Run Behavior\BuildLiteBehavior [ RunTime:0.000000s ]
INFO: [ app_init ] --END-- [ RunTime:0.001000s ]
ERR: 无法加载模块:Dgds

[ 2015-06-17T17:12:37+08:00 ] 127.0.0.1 /2/dgds/Assets/Admin/js/jquery-1.11.3.min.js
INFO: [ app_init ] --START--
INFO: Run Behavior\BuildLiteBehavior [ RunTime:0.000000s ]
INFO: [ app_init ] --END-- [ RunTime:0.001000s ]
ERR: 无法加载模块:Dgds

[ 2015-06-17T17:27:59+08:00 ] 127.0.0.1 /2/dgds/Assets/Admin/js/jquery-1.11.3.min.js
INFO: [ app_init ] --START--
INFO: Run Behavior\BuildLiteBehavior [ RunTime:0.000000s ]
INFO: [ app_init ] --END-- [ RunTime:0.002000s ]
ERR: 无法加载模块:Dgds

[ 2015-06-17T17:28:29+08:00 ] 127.0.0.1 /2/dgds/Assets/Admin/js/jquery-1.11.3.min.js
INFO: [ app_init ] --START--
INFO: Run Behavior\BuildLiteBehavior [ RunTime:0.000000s ]
INFO: [ app_init ] --END-- [ RunTime:0.002000s ]
ERR: 无法加载模块:Dgds

[ 2015-06-17T17:44:58+08:00 ] 127.0.0.1 /2/dgds/dgds/Application/Assets/Admin/js/jquery-1.11.3.min.js
INFO: [ app_init ] --START--
INFO: Run Behavior\BuildLiteBehavior [ RunTime:0.000000s ]
INFO: [ app_init ] --END-- [ RunTime:0.001000s ]
ERR: 无法加载模块:Dgds

[ 2015-06-17T17:45:53+08:00 ] 127.0.0.1 /2/dgds/Assets/Admin/js/jquery-1.11.3.min.js
INFO: [ app_init ] --START--
INFO: Run Behavior\BuildLiteBehavior [ RunTime:0.000000s ]
INFO: [ app_init ] --END-- [ RunTime:0.004000s ]
ERR: 无法加载模块:Dgds

[ 2015-06-17T17:49:46+08:00 ] 127.0.0.1 /2/dgds/dgds/Application/Assets/Admin/js/jquery-1.11.3.min.js
INFO: [ app_init ] --START--
INFO: Run Behavior\BuildLiteBehavior [ RunTime:0.000000s ]
INFO: [ app_init ] --END-- [ RunTime:0.002000s ]
ERR: 无法加载模块:Dgds

[ 2015-06-17T17:50:26+08:00 ] 127.0.0.1 /2/dgds/dgds/Application/Assets/Admin/js/jquery-1.11.3.min.js
INFO: [ app_init ] --START--
INFO: Run Behavior\BuildLiteBehavior [ RunTime:0.000000s ]
INFO: [ app_init ] --END-- [ RunTime:0.002000s ]
ERR: 无法加载模块:Dgds

[ 2015-06-17T17:50:40+08:00 ] 127.0.0.1 /2/dgds/dgds/Application/Assets/Admin/js/jquery-1.11.3.min.js
INFO: [ app_init ] --START--
INFO: Run Behavior\BuildLiteBehavior [ RunTime:0.000000s ]
INFO: [ app_init ] --END-- [ RunTime:0.001000s ]
ERR: 无法加载模块:Dgds

[ 2015-06-17T17:53:16+08:00 ] 127.0.0.1 /2/dgds/dgds/Application/Assets/Admin/js/jquery-1.11.3.min.js
INFO: [ app_init ] --START--
INFO: Run Behavior\BuildLiteBehavior [ RunTime:0.000000s ]
INFO: [ app_init ] --END-- [ RunTime:0.001000s ]
ERR: 无法加载模块:Dgds

[ 2015-06-17T17:55:16+08:00 ] 127.0.0.1 /2/dgds/dgds/Application/Assets/Admin/js/jquery-1.11.3.min.js
INFO: [ app_init ] --START--
INFO: Run Behavior\BuildLiteBehavior [ RunTime:0.000000s ]
INFO: [ app_init ] --END-- [ RunTime:0.001000s ]
ERR: 无法加载模块:Dgds

[ 2015-06-17T17:55:50+08:00 ] 127.0.0.1 /2/dgds/dgds/Application/Assets/Admin/js/jquery-1.11.3.min.js
INFO: [ app_init ] --START--
INFO: Run Behavior\BuildLiteBehavior [ RunTime:0.000000s ]
INFO: [ app_init ] --END-- [ RunTime:0.001000s ]
ERR: 无法加载模块:Dgds

[ 2015-06-17T18:08:15+08:00 ] 127.0.0.1 /2/dgds/dgds/Application/Assets/Admin/js/jquery-1.11.3.min.js
INFO: [ app_init ] --START--
INFO: Run Behavior\BuildLiteBehavior [ RunTime:0.000000s ]
INFO: [ app_init ] --END-- [ RunTime:0.001000s ]
ERR: 无法加载模块:Dgds

[ 2015-06-17T18:08:57+08:00 ] 127.0.0.1 /2/dgds/dgds/Application/Assets/Admin/js/jquery-1.11.3.min.js
INFO: [ app_init ] --START--
INFO: Run Behavior\BuildLiteBehavior [ RunTime:0.000000s ]
INFO: [ app_init ] --END-- [ RunTime:0.002000s ]
ERR: 无法加载模块:Dgds

[ 2015-06-17T18:09:08+08:00 ] 127.0.0.1 /2/dgds/dgds/Application/Assets/Admin/js/jquery-1.11.3.min.js
INFO: [ app_init ] --START--
INFO: Run Behavior\BuildLiteBehavior [ RunTime:0.000000s ]
INFO: [ app_init ] --END-- [ RunTime:0.001000s ]
ERR: 无法加载模块:Dgds

[ 2015-06-17T18:10:47+08:00 ] 127.0.0.1 /2/dgds/dgds/Application/Assets/Admin/js/jquery-1.11.3.min.js
INFO: [ app_init ] --START--
INFO: Run Behavior\BuildLiteBehavior [ RunTime:0.000000s ]
INFO: [ app_init ] --END-- [ RunTime:0.001000s ]
ERR: 无法加载模块:Dgds

[ 2015-06-17T18:12:34+08:00 ] 127.0.0.1 /2/dgds/Assets/Admin/js/jquery-1.11.3.min.js
INFO: [ app_init ] --START--
INFO: Run Behavior\BuildLiteBehavior [ RunTime:0.000000s ]
INFO: [ app_init ] --END-- [ RunTime:0.002000s ]
ERR: 无法加载模块:Dgds

[ 2015-06-17T18:12:54+08:00 ] 127.0.0.1 /2/dgds/Assets/Admin/js/jquery-1.11.3.min.js
INFO: [ app_init ] --START--
INFO: Run Behavior\BuildLiteBehavior [ RunTime:0.000000s ]
INFO: [ app_init ] --END-- [ RunTime:0.001000s ]
ERR: 无法加载模块:Dgds

[ 2015-06-17T22:36:17+08:00 ] 127.0.0.1 /2/dgds/Assets/Admin/js/jquery-1.11.3.min.js
INFO: [ app_init ] --START--
INFO: Run Behavior\BuildLiteBehavior [ RunTime:0.000000s ]
INFO: [ app_init ] --END-- [ RunTime:0.001000s ]
ERR: 无法加载模块:Dgds

[ 2015-06-17T22:36:50+08:00 ] 127.0.0.1 /2/dgds/Assets/Admin/js/jquery-1.11.3.min.js
INFO: [ app_init ] --START--
INFO: Run Behavior\BuildLiteBehavior [ RunTime:0.001000s ]
INFO: [ app_init ] --END-- [ RunTime:0.002000s ]
ERR: 无法加载模块:Dgds

[ 2015-06-17T22:40:55+08:00 ] 127.0.0.1 /2/dgds/Assets/Admin/js/jquery-1.11.3.min.js
INFO: [ app_init ] --START--
INFO: Run Behavior\BuildLiteBehavior [ RunTime:0.000000s ]
INFO: [ app_init ] --END-- [ RunTime:0.001000s ]
ERR: 无法加载模块:Dgds

[ 2015-06-17T22:41:17+08:00 ] 127.0.0.1 /2/dgds/Assets/Admin/js/jquery-1.11.3.min.js
INFO: [ app_init ] --START--
INFO: Run Behavior\BuildLiteBehavior [ RunTime:0.000000s ]
INFO: [ app_init ] --END-- [ RunTime:0.002000s ]
ERR: 无法加载模块:Dgds

[ 2015-06-17T22:42:22+08:00 ] 127.0.0.1 /2/dgds/Assets/Admin/js/jquery-1.11.3.min.js
INFO: [ app_init ] --START--
INFO: Run Behavior\BuildLiteBehavior [ RunTime:0.000000s ]
INFO: [ app_init ] --END-- [ RunTime:0.002000s ]
ERR: 无法加载模块:Dgds

[ 2015-06-17T22:42:30+08:00 ] 127.0.0.1 /2/dgds/Assets/Admin/js/jquery-1.11.3.min.js
INFO: [ app_init ] --START--
INFO: Run Behavior\BuildLiteBehavior [ RunTime:0.000000s ]
INFO: [ app_init ] --END-- [ RunTime:0.002000s ]
ERR: 无法加载模块:Dgds

[ 2015-06-17T22:42:38+08:00 ] 127.0.0.1 /2/dgds/Assets/Admin/js/jquery-1.11.3.min.js
INFO: [ app_init ] --START--
INFO: Run Behavior\BuildLiteBehavior [ RunTime:0.000000s ]
INFO: [ app_init ] --END-- [ RunTime:0.003001s ]
ERR: 无法加载模块:Dgds

[ 2015-06-17T22:42:42+08:00 ] 127.0.0.1 /2/dgds/Assets/Admin/js/jquery-1.11.3.min.js
INFO: [ app_init ] --START--
INFO: Run Behavior\BuildLiteBehavior [ RunTime:0.000000s ]
INFO: [ app_init ] --END-- [ RunTime:0.002000s ]
ERR: 无法加载模块:Dgds

[ 2015-06-17T22:42:55+08:00 ] 127.0.0.1 /2/dgds/Assets/Admin/js/jquery-1.11.3.min.js
INFO: [ app_init ] --START--
INFO: Run Behavior\BuildLiteBehavior [ RunTime:0.000000s ]
INFO: [ app_init ] --END-- [ RunTime:0.001000s ]
ERR: 无法加载模块:Dgds

[ 2015-06-17T22:43:00+08:00 ] 127.0.0.1 /2/dgds/Assets/Admin/js/jquery-1.11.3.min.js
INFO: [ app_init ] --START--
INFO: Run Behavior\BuildLiteBehavior [ RunTime:0.000000s ]
INFO: [ app_init ] --END-- [ RunTime:0.005000s ]
ERR: 无法加载模块:Dgds

[ 2015-06-17T22:53:40+08:00 ] 127.0.0.1 /2/dgds/dgds/Application/Assets/Admin/js/jquery-1.11.3.min.js
INFO: [ app_init ] --START--
INFO: Run Behavior\BuildLiteBehavior [ RunTime:0.000000s ]
INFO: [ app_init ] --END-- [ RunTime:0.003000s ]
ERR: 无法加载模块:Dgds

