[ 2015-07-02T09:30:17+08:00 ] 192.168.1.101 /dgds_6.18/2/dgds/Application/Home/Public/css/images/fangdajing.png
INFO: [ app_init ] --START--
INFO: Run Behavior\BuildLiteBehavior [ RunTime:0.000056s ]
INFO: [ app_init ] --END-- [ RunTime:0.001502s ]
ERR: 无法加载模块:Dgds

[ 2015-07-02T09:30:18+08:00 ] 192.168.1.101 /dgds_6.18/2/dgds/Application/Home/Public/images/hui.png
INFO: [ app_init ] --START--
INFO: Run Behavior\BuildLiteBehavior [ RunTime:0.000024s ]
INFO: [ app_init ] --END-- [ RunTime:0.000532s ]
ERR: 无法加载模块:Dgds

[ 2015-07-02T09:30:44+08:00 ] 192.168.1.101 /dgds_6.18/2/dgds/Application/Home/Public/css/images/fangdajing.png
INFO: [ app_init ] --START--
INFO: Run Behavior\BuildLiteBehavior [ RunTime:0.000058s ]
INFO: [ app_init ] --END-- [ RunTime:0.001173s ]
ERR: 无法加载模块:Dgds

[ 2015-07-02T09:35:06+08:00 ] 192.168.1.101 /dgds_6.18/2/dgds/Application/Home/Public/images/hui.png
INFO: [ app_init ] --START--
INFO: Run Behavior\BuildLiteBehavior [ RunTime:0.000029s ]
INFO: [ app_init ] --END-- [ RunTime:0.000661s ]
ERR: 无法加载模块:Dgds

[ 2015-07-02T09:35:07+08:00 ] 192.168.1.101 /dgds_6.18/2/dgds/Application/Home/Public/css/images/fangdajing.png
INFO: [ app_init ] --START--
INFO: Run Behavior\BuildLiteBehavior [ RunTime:0.000033s ]
INFO: [ app_init ] --END-- [ RunTime:0.000795s ]
ERR: 无法加载模块:Dgds

[ 2015-07-02T09:35:14+08:00 ] 192.168.1.101 /dgds_6.18/2/dgds/Application/Home/Public/css/images/fangdajing.png
INFO: [ app_init ] --START--
INFO: Run Behavior\BuildLiteBehavior [ RunTime:0.000024s ]
INFO: [ app_init ] --END-- [ RunTime:0.000533s ]
ERR: 无法加载模块:Dgds

[ 2015-07-02T09:35:14+08:00 ] 192.168.1.101 /dgds_6.18/2/dgds/Application/Home/Public/images/hui.png
INFO: [ app_init ] --START--
INFO: Run Behavior\BuildLiteBehavior [ RunTime:0.000038s ]
INFO: [ app_init ] --END-- [ RunTime:0.000972s ]
ERR: 无法加载模块:Dgds

[ 2015-07-02T09:35:19+08:00 ] 192.168.1.101 /dgds_6.18/2/dgds/Application/Home/Public/images/hui.png
INFO: [ app_init ] --START--
INFO: Run Behavior\BuildLiteBehavior [ RunTime:0.000019s ]
INFO: [ app_init ] --END-- [ RunTime:0.000359s ]
ERR: 无法加载模块:Dgds

[ 2015-07-02T09:35:19+08:00 ] 192.168.1.101 /dgds_6.18/2/dgds/Application/Home/Public/css/images/fangdajing.png
INFO: [ app_init ] --START--
INFO: Run Behavior\BuildLiteBehavior [ RunTime:0.000019s ]
INFO: [ app_init ] --END-- [ RunTime:0.000361s ]
ERR: 无法加载模块:Dgds

[ 2015-07-02T09:35:22+08:00 ] 192.168.1.101 /dgds_6.18/2/dgds/Application/Home/Public/css/images/fangdajing.png
INFO: [ app_init ] --START--
INFO: Run Behavior\BuildLiteBehavior [ RunTime:0.000036s ]
INFO: [ app_init ] --END-- [ RunTime:0.000667s ]
ERR: 无法加载模块:Dgds

[ 2015-07-02T09:35:22+08:00 ] 192.168.1.101 /dgds_6.18/2/dgds/Application/Home/Public/images/hui.png
INFO: [ app_init ] --START--
INFO: Run Behavior\BuildLiteBehavior [ RunTime:0.000037s ]
INFO: [ app_init ] --END-- [ RunTime:0.000687s ]
ERR: 无法加载模块:Dgds

[ 2015-07-02T09:35:31+08:00 ] 192.168.1.101 /dgds_6.18/2/dgds/Application/Home/Public/css/images/fangdajing.png
INFO: [ app_init ] --START--
INFO: Run Behavior\BuildLiteBehavior [ RunTime:0.000024s ]
INFO: [ app_init ] --END-- [ RunTime:0.000529s ]
ERR: 无法加载模块:Dgds

[ 2015-07-02T09:35:31+08:00 ] 192.168.1.101 /dgds_6.18/2/dgds/Application/Home/Public/images/hui.png
INFO: [ app_init ] --START--
INFO: Run Behavior\BuildLiteBehavior [ RunTime:0.000027s ]
INFO: [ app_init ] --END-- [ RunTime:0.000718s ]
ERR: 无法加载模块:Dgds

[ 2015-07-02T09:36:18+08:00 ] 192.168.1.101 /dgds_6.18/2/dgds/Application/Home/Public/images/hui.png
INFO: [ app_init ] --START--
INFO: Run Behavior\BuildLiteBehavior [ RunTime:0.000030s ]
INFO: [ app_init ] --END-- [ RunTime:0.000646s ]
ERR: 无法加载模块:Dgds

[ 2015-07-02T09:36:18+08:00 ] 192.168.1.101 /dgds_6.18/2/dgds/Application/Home/Public/css/images/fangdajing.png
INFO: [ app_init ] --START--
INFO: Run Behavior\BuildLiteBehavior [ RunTime:0.000017s ]
INFO: [ app_init ] --END-- [ RunTime:0.000320s ]
ERR: 无法加载模块:Dgds

[ 2015-07-02T09:36:22+08:00 ] 192.168.1.101 /dgds_6.18/2/dgds/Application/Home/Public/images/hui.png
INFO: [ app_init ] --START--
INFO: Run Behavior\BuildLiteBehavior [ RunTime:0.000103s ]
INFO: [ app_init ] --END-- [ RunTime:0.000994s ]
ERR: 无法加载模块:Dgds

[ 2015-07-02T09:36:22+08:00 ] 192.168.1.101 /dgds_6.18/2/dgds/Application/Home/Public/css/images/fangdajing.png
INFO: [ app_init ] --START--
INFO: Run Behavior\BuildLiteBehavior [ RunTime:0.000053s ]
INFO: [ app_init ] --END-- [ RunTime:0.000975s ]
ERR: 无法加载模块:Dgds

[ 2015-07-02T09:36:31+08:00 ] 192.168.1.101 /dgds_6.18/2/dgds/Application/Home/Public/images/hui.png
INFO: [ app_init ] --START--
INFO: Run Behavior\BuildLiteBehavior [ RunTime:0.000034s ]
INFO: [ app_init ] --END-- [ RunTime:0.000697s ]
ERR: 无法加载模块:Dgds

[ 2015-07-02T09:36:31+08:00 ] 192.168.1.101 /dgds_6.18/2/dgds/Application/Home/Public/css/images/fangdajing.png
INFO: [ app_init ] --START--
INFO: Run Behavior\BuildLiteBehavior [ RunTime:0.000055s ]
INFO: [ app_init ] --END-- [ RunTime:0.001381s ]
ERR: 无法加载模块:Dgds

[ 2015-07-02T09:37:00+08:00 ] 192.168.1.101 /dgds_6.18/2/dgds/Application/Home/Public/images/hui.png
INFO: [ app_init ] --START--
INFO: Run Behavior\BuildLiteBehavior [ RunTime:0.000022s ]
INFO: [ app_init ] --END-- [ RunTime:0.000469s ]
ERR: 无法加载模块:Dgds

[ 2015-07-02T09:37:00+08:00 ] 192.168.1.101 /dgds_6.18/2/dgds/Application/Home/Public/css/images/fangdajing.png
INFO: [ app_init ] --START--
INFO: Run Behavior\BuildLiteBehavior [ RunTime:0.000029s ]
INFO: [ app_init ] --END-- [ RunTime:0.000498s ]
ERR: 无法加载模块:Dgds

[ 2015-07-02T09:54:59+08:00 ] ::1 /dgds_6.18/2/dgds/Application/Home/Public/css/images/fangdajing.png
INFO: [ app_init ] --START--
INFO: Run Behavior\BuildLiteBehavior [ RunTime:0.000024s ]
INFO: [ app_init ] --END-- [ RunTime:0.000746s ]
ERR: 无法加载模块:Dgds

[ 2015-07-02T09:54:59+08:00 ] ::1 /dgds_6.18/2/dgds/Application/Home/Public/images/hui.png
INFO: [ app_init ] --START--
INFO: Run Behavior\BuildLiteBehavior [ RunTime:0.000018s ]
INFO: [ app_init ] --END-- [ RunTime:0.000411s ]
ERR: 无法加载模块:Dgds

[ 2015-07-02T09:55:16+08:00 ] ::1 /dgds_6.18/2/dgds/Application/Home/Public/css/images/fangdajing.png
INFO: [ app_init ] --START--
INFO: Run Behavior\BuildLiteBehavior [ RunTime:0.000017s ]
INFO: [ app_init ] --END-- [ RunTime:0.000324s ]
ERR: 无法加载模块:Dgds

[ 2015-07-02T09:55:16+08:00 ] ::1 /dgds_6.18/2/dgds/Application/Home/Public/images/hui.png
INFO: [ app_init ] --START--
INFO: Run Behavior\BuildLiteBehavior [ RunTime:0.000019s ]
INFO: [ app_init ] --END-- [ RunTime:0.000396s ]
ERR: 无法加载模块:Dgds

[ 2015-07-02T09:55:23+08:00 ] ::1 /dgds_6.18/2/dgds/Application/Home/Public/images/hui.png
INFO: [ app_init ] --START--
INFO: Run Behavior\BuildLiteBehavior [ RunTime:0.000034s ]
INFO: [ app_init ] --END-- [ RunTime:0.000678s ]
ERR: 无法加载模块:Dgds

[ 2015-07-02T09:55:23+08:00 ] ::1 /dgds_6.18/2/dgds/Application/Home/Public/css/images/fangdajing.png
INFO: [ app_init ] --START--
INFO: Run Behavior\BuildLiteBehavior [ RunTime:0.000018s ]
INFO: [ app_init ] --END-- [ RunTime:0.000545s ]
ERR: 无法加载模块:Dgds

[ 2015-07-02T09:55:51+08:00 ] ::1 /dgds_6.18/2/dgds/Application/Home/Public/css/images/fangdajing.png
INFO: [ app_init ] --START--
INFO: Run Behavior\BuildLiteBehavior [ RunTime:0.000029s ]
INFO: [ app_init ] --END-- [ RunTime:0.000506s ]
ERR: 无法加载模块:Dgds

[ 2015-07-02T09:55:51+08:00 ] ::1 /dgds_6.18/2/dgds/Application/Home/Public/images/hui.png
INFO: [ app_init ] --START--
INFO: Run Behavior\BuildLiteBehavior [ RunTime:0.000032s ]
INFO: [ app_init ] --END-- [ RunTime:0.000545s ]
ERR: 无法加载模块:Dgds

[ 2015-07-02T09:56:31+08:00 ] ::1 /dgds_6.18/2/dgds/Application/Home/Public/css/images/fangdajing.png
INFO: [ app_init ] --START--
INFO: Run Behavior\BuildLiteBehavior [ RunTime:0.000019s ]
INFO: [ app_init ] --END-- [ RunTime:0.000503s ]
ERR: 无法加载模块:Dgds

[ 2015-07-02T09:56:31+08:00 ] ::1 /dgds_6.18/2/dgds/Application/Home/Public/images/hui.png
INFO: [ app_init ] --START--
INFO: Run Behavior\BuildLiteBehavior [ RunTime:0.000035s ]
INFO: [ app_init ] --END-- [ RunTime:0.000636s ]
ERR: 无法加载模块:Dgds

[ 2015-07-02T09:56:34+08:00 ] ::1 /dgds_6.18/2/dgds/Application/Home/Public/css/images/fangdajing.png
INFO: [ app_init ] --START--
INFO: Run Behavior\BuildLiteBehavior [ RunTime:0.000034s ]
INFO: [ app_init ] --END-- [ RunTime:0.000545s ]
ERR: 无法加载模块:Dgds

[ 2015-07-02T09:56:34+08:00 ] ::1 /dgds_6.18/2/dgds/Application/Home/Public/images/hui.png
INFO: [ app_init ] --START--
INFO: Run Behavior\BuildLiteBehavior [ RunTime:0.000034s ]
INFO: [ app_init ] --END-- [ RunTime:0.000906s ]
ERR: 无法加载模块:Dgds

[ 2015-07-02T10:00:32+08:00 ] ::1 /dgds_6.18/2/dgds/Application/Home/Public/images/hui.png
INFO: [ app_init ] --START--
INFO: Run Behavior\BuildLiteBehavior [ RunTime:0.000033s ]
INFO: [ app_init ] --END-- [ RunTime:0.000552s ]
ERR: 无法加载模块:Dgds

[ 2015-07-02T10:00:32+08:00 ] ::1 /dgds_6.18/2/dgds/Application/Home/Public/css/images/fangdajing.png
INFO: [ app_init ] --START--
INFO: Run Behavior\BuildLiteBehavior [ RunTime:0.000018s ]
INFO: [ app_init ] --END-- [ RunTime:0.000412s ]
ERR: 无法加载模块:Dgds

[ 2015-07-02T10:02:19+08:00 ] ::1 /dgds_6.18/2/dgds/Application/Home/Public/css/images/fangdajing.png
INFO: [ app_init ] --START--
INFO: Run Behavior\BuildLiteBehavior [ RunTime:0.000042s ]
INFO: [ app_init ] --END-- [ RunTime:0.000533s ]
ERR: 无法加载模块:Dgds

[ 2015-07-02T10:02:19+08:00 ] ::1 /dgds_6.18/2/dgds/Application/Home/Public/images/hui.png
INFO: [ app_init ] --START--
INFO: Run Behavior\BuildLiteBehavior [ RunTime:0.000040s ]
INFO: [ app_init ] --END-- [ RunTime:0.001143s ]
ERR: 无法加载模块:Dgds

[ 2015-07-02T10:02:28+08:00 ] ::1 /dgds_6.18/2/dgds/Application/Home/Public/images/hui.png
INFO: [ app_init ] --START--
INFO: Run Behavior\BuildLiteBehavior [ RunTime:0.000033s ]
INFO: [ app_init ] --END-- [ RunTime:0.000607s ]
ERR: 无法加载模块:Dgds

[ 2015-07-02T10:02:28+08:00 ] ::1 /dgds_6.18/2/dgds/Application/Home/Public/css/images/fangdajing.png
INFO: [ app_init ] --START--
INFO: Run Behavior\BuildLiteBehavior [ RunTime:0.000028s ]
INFO: [ app_init ] --END-- [ RunTime:0.000643s ]
ERR: 无法加载模块:Dgds

[ 2015-07-02T10:02:39+08:00 ] ::1 /dgds_6.18/2/dgds/Application/Home/Public/css/images/fangdajing.png
INFO: [ app_init ] --START--
INFO: Run Behavior\BuildLiteBehavior [ RunTime:0.000020s ]
INFO: [ app_init ] --END-- [ RunTime:0.000362s ]
ERR: 无法加载模块:Dgds

[ 2015-07-02T10:02:39+08:00 ] ::1 /dgds_6.18/2/dgds/Application/Home/Public/images/hui.png
INFO: [ app_init ] --START--
INFO: Run Behavior\BuildLiteBehavior [ RunTime:0.000027s ]
INFO: [ app_init ] --END-- [ RunTime:0.000533s ]
ERR: 无法加载模块:Dgds

[ 2015-07-02T10:03:07+08:00 ] ::1 /dgds_6.18/2/dgds/Application/Admin/Public/favicon.ico
INFO: [ app_init ] --START--
INFO: Run Behavior\BuildLiteBehavior [ RunTime:0.000021s ]
INFO: [ app_init ] --END-- [ RunTime:0.000536s ]
ERR: 无法加载模块:Dgds

[ 2015-07-02T10:03:07+08:00 ] ::1 /dgds_6.18/2/dgds/Application/Admin/Public/favicon.ico
INFO: [ app_init ] --START--
INFO: Run Behavior\BuildLiteBehavior [ RunTime:0.000019s ]
INFO: [ app_init ] --END-- [ RunTime:0.000388s ]
ERR: 无法加载模块:Dgds

[ 2015-07-02T10:03:07+08:00 ] ::1 /dgds_6.18/2/dgds/Application/Admin/Public/favicon.ico
INFO: [ app_init ] --START--
INFO: Run Behavior\BuildLiteBehavior [ RunTime:0.000017s ]
INFO: [ app_init ] --END-- [ RunTime:0.000386s ]
ERR: 无法加载模块:Dgds

[ 2015-07-02T10:03:16+08:00 ] ::1 /dgds_6.18/2/dgds/dgds/Application/Assets/Admin/js/jquery-1.11.3.min.js
INFO: [ app_init ] --START--
INFO: Run Behavior\BuildLiteBehavior [ RunTime:0.000018s ]
INFO: [ app_init ] --END-- [ RunTime:0.000562s ]
ERR: 无法加载模块:Dgds

[ 2015-07-02T10:03:16+08:00 ] ::1 /dgds_6.18/2/dgds/Application/Admin/Public/favicon.ico
INFO: [ app_init ] --START--
INFO: Run Behavior\BuildLiteBehavior [ RunTime:0.000018s ]
INFO: [ app_init ] --END-- [ RunTime:0.000503s ]
ERR: 无法加载模块:Dgds

[ 2015-07-02T10:03:16+08:00 ] ::1 /dgds_6.18/2/dgds/Application/Admin/Public/favicon.ico
INFO: [ app_init ] --START--
INFO: Run Behavior\BuildLiteBehavior [ RunTime:0.000032s ]
INFO: [ app_init ] --END-- [ RunTime:0.000564s ]
ERR: 无法加载模块:Dgds

[ 2015-07-02T10:03:24+08:00 ] ::1 /dgds_6.18/2/dgds/Application/Admin/Public/favicon.ico
INFO: [ app_init ] --START--
INFO: Run Behavior\BuildLiteBehavior [ RunTime:0.000018s ]
INFO: [ app_init ] --END-- [ RunTime:0.000401s ]
ERR: 无法加载模块:Dgds

[ 2015-07-02T10:03:24+08:00 ] ::1 /dgds_6.18/2/dgds/Application/Admin/Public/favicon.ico
INFO: [ app_init ] --START--
INFO: Run Behavior\BuildLiteBehavior [ RunTime:0.000017s ]
INFO: [ app_init ] --END-- [ RunTime:0.000379s ]
ERR: 无法加载模块:Dgds

[ 2015-07-02T10:03:37+08:00 ] ::1 /dgds_6.18/2/dgds/Application/Admin/Public/favicon.ico
INFO: [ app_init ] --START--
INFO: Run Behavior\BuildLiteBehavior [ RunTime:0.000019s ]
INFO: [ app_init ] --END-- [ RunTime:0.000398s ]
ERR: 无法加载模块:Dgds

[ 2015-07-02T10:03:37+08:00 ] ::1 /dgds_6.18/2/dgds/Application/Admin/Public/favicon.ico
INFO: [ app_init ] --START--
INFO: Run Behavior\BuildLiteBehavior [ RunTime:0.000031s ]
INFO: [ app_init ] --END-- [ RunTime:0.000397s ]
ERR: 无法加载模块:Dgds

[ 2015-07-02T10:03:55+08:00 ] ::1 /dgds_6.18/2/dgds/Application/Admin/Public/favicon.ico
INFO: [ app_init ] --START--
INFO: Run Behavior\BuildLiteBehavior [ RunTime:0.000020s ]
INFO: [ app_init ] --END-- [ RunTime:0.000400s ]
ERR: 无法加载模块:Dgds

[ 2015-07-02T10:09:25+08:00 ] 192.168.1.101 /dgds_6.18/2/dgds/Application/Home/Public/css/images/fangdajing.png
INFO: [ app_init ] --START--
INFO: Run Behavior\BuildLiteBehavior [ RunTime:0.000050s ]
INFO: [ app_init ] --END-- [ RunTime:0.000988s ]
ERR: 无法加载模块:Dgds

[ 2015-07-02T10:09:25+08:00 ] 192.168.1.101 /dgds_6.18/2/dgds/Application/Home/Public/images/hui.png
INFO: [ app_init ] --START--
INFO: Run Behavior\BuildLiteBehavior [ RunTime:0.000049s ]
INFO: [ app_init ] --END-- [ RunTime:0.000863s ]
ERR: 无法加载模块:Dgds

[ 2015-07-02T10:09:38+08:00 ] 192.168.1.101 /dgds_6.18/2/dgds/Application/Home/Public/css/images/fangdajing.png
INFO: [ app_init ] --START--
INFO: Run Behavior\BuildLiteBehavior [ RunTime:0.000033s ]
INFO: [ app_init ] --END-- [ RunTime:0.000636s ]
ERR: 无法加载模块:Dgds

[ 2015-07-02T10:09:38+08:00 ] 192.168.1.101 /dgds_6.18/2/dgds/Application/Home/Public/images/hui.png
INFO: [ app_init ] --START--
INFO: Run Behavior\BuildLiteBehavior [ RunTime:0.000028s ]
INFO: [ app_init ] --END-- [ RunTime:0.000609s ]
ERR: 无法加载模块:Dgds

[ 2015-07-02T10:09:42+08:00 ] 192.168.1.101 /dgds_6.18/2/dgds/Application/Home/Public/images/hui.png
INFO: [ app_init ] --START--
INFO: Run Behavior\BuildLiteBehavior [ RunTime:0.000024s ]
INFO: [ app_init ] --END-- [ RunTime:0.000481s ]
ERR: 无法加载模块:Dgds

[ 2015-07-02T10:09:42+08:00 ] 192.168.1.101 /dgds_6.18/2/dgds/Application/Home/Public/css/images/fangdajing.png
INFO: [ app_init ] --START--
INFO: Run Behavior\BuildLiteBehavior [ RunTime:0.000025s ]
INFO: [ app_init ] --END-- [ RunTime:0.000537s ]
ERR: 无法加载模块:Dgds

[ 2015-07-02T10:10:05+08:00 ] 192.168.1.101 /dgds_6.18/2/dgds/Application/Admin/Public/favicon.ico
INFO: [ app_init ] --START--
INFO: Run Behavior\BuildLiteBehavior [ RunTime:0.000033s ]
INFO: [ app_init ] --END-- [ RunTime:0.000673s ]
ERR: 无法加载模块:Dgds

[ 2015-07-02T10:30:38+08:00 ] ::1 /dgds_6.18/2/dgds/Application/Home/Public/css/images/fangdajing.png
INFO: [ app_init ] --START--
INFO: Run Behavior\BuildLiteBehavior [ RunTime:0.000034s ]
INFO: [ app_init ] --END-- [ RunTime:0.000642s ]
ERR: 无法加载模块:Dgds

[ 2015-07-02T10:30:38+08:00 ] ::1 /dgds_6.18/2/dgds/Application/Home/Public/images/hui.png
INFO: [ app_init ] --START--
INFO: Run Behavior\BuildLiteBehavior [ RunTime:0.000019s ]
INFO: [ app_init ] --END-- [ RunTime:0.000366s ]
ERR: 无法加载模块:Dgds

[ 2015-07-02T10:36:30+08:00 ] ::1 /dgds_6.18/2/dgds/Application/Home/Public/images/hui.png
INFO: [ app_init ] --START--
INFO: Run Behavior\BuildLiteBehavior [ RunTime:0.000034s ]
INFO: [ app_init ] --END-- [ RunTime:0.000600s ]
ERR: 无法加载模块:Dgds

[ 2015-07-02T10:36:30+08:00 ] ::1 /dgds_6.18/2/dgds/Application/Home/Public/css/images/fangdajing.png
INFO: [ app_init ] --START--
INFO: Run Behavior\BuildLiteBehavior [ RunTime:0.000021s ]
INFO: [ app_init ] --END-- [ RunTime:0.000567s ]
ERR: 无法加载模块:Dgds

[ 2015-07-02T10:36:54+08:00 ] ::1 /dgds_6.18/2/dgds/Application/Home/Public/css/images/fangdajing.png
INFO: [ app_init ] --START--
INFO: Run Behavior\BuildLiteBehavior [ RunTime:0.000031s ]
INFO: [ app_init ] --END-- [ RunTime:0.000620s ]
ERR: 无法加载模块:Dgds

[ 2015-07-02T10:36:54+08:00 ] ::1 /dgds_6.18/2/dgds/Application/Home/Public/images/hui.png
INFO: [ app_init ] --START--
INFO: Run Behavior\BuildLiteBehavior [ RunTime:0.000029s ]
INFO: [ app_init ] --END-- [ RunTime:0.000617s ]
ERR: 无法加载模块:Dgds

[ 2015-07-02T10:37:16+08:00 ] ::1 /dgds_6.18/2/dgds/Application/Home/Public/css/images/fangdajing.png
INFO: [ app_init ] --START--
INFO: Run Behavior\BuildLiteBehavior [ RunTime:0.000038s ]
INFO: [ app_init ] --END-- [ RunTime:0.000630s ]
ERR: 无法加载模块:Dgds

[ 2015-07-02T10:37:16+08:00 ] ::1 /dgds_6.18/2/dgds/Application/Home/Public/images/hui.png
INFO: [ app_init ] --START--
INFO: Run Behavior\BuildLiteBehavior [ RunTime:0.000030s ]
INFO: [ app_init ] --END-- [ RunTime:0.000658s ]
ERR: 无法加载模块:Dgds

[ 2015-07-02T10:37:48+08:00 ] ::1 /dgds_6.18/2/dgds/Application/Home/Public/css/images/fangdajing.png
INFO: [ app_init ] --START--
INFO: Run Behavior\BuildLiteBehavior [ RunTime:0.000035s ]
INFO: [ app_init ] --END-- [ RunTime:0.000617s ]
ERR: 无法加载模块:Dgds

[ 2015-07-02T10:37:48+08:00 ] ::1 /dgds_6.18/2/dgds/Application/Home/Public/images/hui.png
INFO: [ app_init ] --START--
INFO: Run Behavior\BuildLiteBehavior [ RunTime:0.000031s ]
INFO: [ app_init ] --END-- [ RunTime:0.000530s ]
ERR: 无法加载模块:Dgds

[ 2015-07-02T10:42:53+08:00 ] ::1 /dgds_6.18/2/dgds/Application/Admin/Public/favicon.ico
INFO: [ app_init ] --START--
INFO: Run Behavior\BuildLiteBehavior [ RunTime:0.000032s ]
INFO: [ app_init ] --END-- [ RunTime:0.000543s ]
ERR: 无法加载模块:Dgds

[ 2015-07-02T10:47:15+08:00 ] 192.168.1.101 /dgds_6.18/2/dgds/Application/Admin/Public/favicon.ico
INFO: [ app_init ] --START--
INFO: Run Behavior\BuildLiteBehavior [ RunTime:0.000043s ]
INFO: [ app_init ] --END-- [ RunTime:0.001126s ]
ERR: 无法加载模块:Dgds

[ 2015-07-02T16:23:27+08:00 ] 192.168.1.101 /dgds_6.18/2/dgds/Application/Home/Public/css/images/fangdajing.png
INFO: [ app_init ] --START--
INFO: Run Behavior\BuildLiteBehavior [ RunTime:0.000033s ]
INFO: [ app_init ] --END-- [ RunTime:0.000754s ]
ERR: 无法加载模块:Dgds

[ 2015-07-02T16:23:28+08:00 ] 192.168.1.101 /dgds_6.18/2/dgds/Application/Home/Public/images/hui.png
INFO: [ app_init ] --START--
INFO: Run Behavior\BuildLiteBehavior [ RunTime:0.000026s ]
INFO: [ app_init ] --END-- [ RunTime:0.000633s ]
ERR: 无法加载模块:Dgds

[ 2015-07-02T16:27:15+08:00 ] ::1 /dgds_6.18/2/dgds/Application/Home/Public/css/images/fangdajing.png
INFO: [ app_init ] --START--
INFO: Run Behavior\BuildLiteBehavior [ RunTime:0.000032s ]
INFO: [ app_init ] --END-- [ RunTime:0.000653s ]
ERR: 无法加载模块:Dgds

[ 2015-07-02T16:27:15+08:00 ] ::1 /dgds_6.18/2/dgds/Application/Home/Public/images/hui.png
INFO: [ app_init ] --START--
INFO: Run Behavior\BuildLiteBehavior [ RunTime:0.000030s ]
INFO: [ app_init ] --END-- [ RunTime:0.000545s ]
ERR: 无法加载模块:Dgds

[ 2015-07-02T16:27:25+08:00 ] ::1 /dgds_6.18/2/dgds/Application/Home/Public/images/hui.png
INFO: [ app_init ] --START--
INFO: Run Behavior\BuildLiteBehavior [ RunTime:0.000063s ]
INFO: [ app_init ] --END-- [ RunTime:0.000809s ]
ERR: 无法加载模块:Dgds

[ 2015-07-02T16:27:25+08:00 ] ::1 /dgds_6.18/2/dgds/Application/Home/Public/css/images/fangdajing.png
INFO: [ app_init ] --START--
INFO: Run Behavior\BuildLiteBehavior [ RunTime:0.000048s ]
INFO: [ app_init ] --END-- [ RunTime:0.001986s ]
ERR: 无法加载模块:Dgds

[ 2015-07-02T16:27:36+08:00 ] ::1 /dgds_6.18/2/dgds/Application/Home/Public/images/hui.png
INFO: [ app_init ] --START--
INFO: Run Behavior\BuildLiteBehavior [ RunTime:0.000034s ]
INFO: [ app_init ] --END-- [ RunTime:0.000598s ]
ERR: 无法加载模块:Dgds

[ 2015-07-02T16:27:36+08:00 ] ::1 /dgds_6.18/2/dgds/Application/Home/Public/css/images/fangdajing.png
INFO: [ app_init ] --START--
INFO: Run Behavior\BuildLiteBehavior [ RunTime:0.000032s ]
INFO: [ app_init ] --END-- [ RunTime:0.000628s ]
ERR: 无法加载模块:Dgds

[ 2015-07-02T16:29:14+08:00 ] ::1 /dgds_6.18/2/dgds/Application/Home/Public/images/hui.png
INFO: [ app_init ] --START--
INFO: Run Behavior\BuildLiteBehavior [ RunTime:0.000020s ]
INFO: [ app_init ] --END-- [ RunTime:0.000360s ]
ERR: 无法加载模块:Dgds

[ 2015-07-02T16:29:14+08:00 ] ::1 /dgds_6.18/2/dgds/Application/Home/Public/css/images/fangdajing.png
INFO: [ app_init ] --START--
INFO: Run Behavior\BuildLiteBehavior [ RunTime:0.000058s ]
INFO: [ app_init ] --END-- [ RunTime:0.001137s ]
ERR: 无法加载模块:Dgds

[ 2015-07-02T16:29:28+08:00 ] ::1 /dgds_6.18/2/dgds/Application/Home/Public/images/hui.png
INFO: [ app_init ] --START--
INFO: Run Behavior\BuildLiteBehavior [ RunTime:0.000033s ]
INFO: [ app_init ] --END-- [ RunTime:0.000595s ]
ERR: 无法加载模块:Dgds

[ 2015-07-02T16:29:28+08:00 ] ::1 /dgds_6.18/2/dgds/Application/Home/Public/css/images/fangdajing.png
INFO: [ app_init ] --START--
INFO: Run Behavior\BuildLiteBehavior [ RunTime:0.000038s ]
INFO: [ app_init ] --END-- [ RunTime:0.000802s ]
ERR: 无法加载模块:Dgds

[ 2015-07-02T16:30:31+08:00 ] ::1 /dgds_6.18/2/dgds/Application/Home/Public/css/images/fangdajing.png
INFO: [ app_init ] --START--
INFO: Run Behavior\BuildLiteBehavior [ RunTime:0.000032s ]
INFO: [ app_init ] --END-- [ RunTime:0.000647s ]
ERR: 无法加载模块:Dgds

[ 2015-07-02T16:30:31+08:00 ] ::1 /dgds_6.18/2/dgds/Application/Home/Public/images/hui.png
INFO: [ app_init ] --START--
INFO: Run Behavior\BuildLiteBehavior [ RunTime:0.000051s ]
INFO: [ app_init ] --END-- [ RunTime:0.000879s ]
ERR: 无法加载模块:Dgds

[ 2015-07-02T16:33:15+08:00 ] ::1 /dgds_6.18/2/dgds/Application/Home/Public/images/hui.png
INFO: [ app_init ] --START--
INFO: Run Behavior\BuildLiteBehavior [ RunTime:0.000030s ]
INFO: [ app_init ] --END-- [ RunTime:0.000603s ]
ERR: 无法加载模块:Dgds

[ 2015-07-02T16:33:15+08:00 ] ::1 /dgds_6.18/2/dgds/Application/Home/Public/css/images/fangdajing.png
INFO: [ app_init ] --START--
INFO: Run Behavior\BuildLiteBehavior [ RunTime:0.000022s ]
INFO: [ app_init ] --END-- [ RunTime:0.000479s ]
ERR: 无法加载模块:Dgds

[ 2015-07-02T16:33:19+08:00 ] ::1 /dgds_6.18/2/dgds/Application/Home/Public/css/images/fangdajing.png
INFO: [ app_init ] --START--
INFO: Run Behavior\BuildLiteBehavior [ RunTime:0.000034s ]
INFO: [ app_init ] --END-- [ RunTime:0.000698s ]
ERR: 无法加载模块:Dgds

[ 2015-07-02T16:33:19+08:00 ] ::1 /dgds_6.18/2/dgds/Application/Home/Public/images/hui.png
INFO: [ app_init ] --START--
INFO: Run Behavior\BuildLiteBehavior [ RunTime:0.000029s ]
INFO: [ app_init ] --END-- [ RunTime:0.000656s ]
ERR: 无法加载模块:Dgds

[ 2015-07-02T17:16:02+08:00 ] ::1 /dgds_6.18/2/dgds/Application/Home/Public/css/images/fangdajing.png
INFO: [ app_init ] --START--
INFO: Run Behavior\BuildLiteBehavior [ RunTime:0.000042s ]
INFO: [ app_init ] --END-- [ RunTime:0.000687s ]
ERR: 无法加载模块:Dgds

[ 2015-07-02T17:16:02+08:00 ] ::1 /dgds_6.18/2/dgds/Application/Home/Public/images/hui.png
INFO: [ app_init ] --START--
INFO: Run Behavior\BuildLiteBehavior [ RunTime:0.000030s ]
INFO: [ app_init ] --END-- [ RunTime:0.000639s ]
ERR: 无法加载模块:Dgds

[ 2015-07-02T17:27:21+08:00 ] ::1 /dgds_6.18/2/dgds/Application/Home/Public/css/images/fangdajing.png
INFO: [ app_init ] --START--
INFO: Run Behavior\BuildLiteBehavior [ RunTime:0.000030s ]
INFO: [ app_init ] --END-- [ RunTime:0.000429s ]
ERR: 无法加载模块:Dgds

[ 2015-07-02T17:27:21+08:00 ] ::1 /dgds_6.18/2/dgds/Application/Home/Public/images/hui.png
INFO: [ app_init ] --START--
INFO: Run Behavior\BuildLiteBehavior [ RunTime:0.000031s ]
INFO: [ app_init ] --END-- [ RunTime:0.000731s ]
ERR: 无法加载模块:Dgds

[ 2015-07-02T17:27:24+08:00 ] ::1 /dgds_6.18/2/dgds/Application/Home/Public/images/hui.png
INFO: [ app_init ] --START--
INFO: Run Behavior\BuildLiteBehavior [ RunTime:0.000020s ]
INFO: [ app_init ] --END-- [ RunTime:0.000389s ]
ERR: 无法加载模块:Dgds

[ 2015-07-02T17:27:24+08:00 ] ::1 /dgds_6.18/2/dgds/Application/Home/Public/css/images/fangdajing.png
INFO: [ app_init ] --START--
INFO: Run Behavior\BuildLiteBehavior [ RunTime:0.000030s ]
INFO: [ app_init ] --END-- [ RunTime:0.000562s ]
ERR: 无法加载模块:Dgds

[ 2015-07-02T17:27:25+08:00 ] ::1 /dgds_6.18/2/dgds/Application/Home/Public/images/hui.png
INFO: [ app_init ] --START--
INFO: Run Behavior\BuildLiteBehavior [ RunTime:0.000030s ]
INFO: [ app_init ] --END-- [ RunTime:0.000563s ]
ERR: 无法加载模块:Dgds

[ 2015-07-02T17:27:25+08:00 ] ::1 /dgds_6.18/2/dgds/Application/Home/Public/css/images/fangdajing.png
INFO: [ app_init ] --START--
INFO: Run Behavior\BuildLiteBehavior [ RunTime:0.000082s ]
INFO: [ app_init ] --END-- [ RunTime:0.000699s ]
ERR: 无法加载模块:Dgds

[ 2015-07-02T17:27:27+08:00 ] ::1 /dgds_6.18/2/dgds/Application/Home/Public/images/hui.png
INFO: [ app_init ] --START--
INFO: Run Behavior\BuildLiteBehavior [ RunTime:0.000032s ]
INFO: [ app_init ] --END-- [ RunTime:0.000559s ]
ERR: 无法加载模块:Dgds

[ 2015-07-02T17:27:27+08:00 ] ::1 /dgds_6.18/2/dgds/Application/Home/Public/css/images/fangdajing.png
INFO: [ app_init ] --START--
INFO: Run Behavior\BuildLiteBehavior [ RunTime:0.000027s ]
INFO: [ app_init ] --END-- [ RunTime:0.001614s ]
ERR: 无法加载模块:Dgds

[ 2015-07-02T17:27:29+08:00 ] ::1 /dgds_6.18/2/dgds/Application/Home/Public/images/hui.png
INFO: [ app_init ] --START--
INFO: Run Behavior\BuildLiteBehavior [ RunTime:0.000031s ]
INFO: [ app_init ] --END-- [ RunTime:0.000564s ]
ERR: 无法加载模块:Dgds

[ 2015-07-02T17:27:29+08:00 ] ::1 /dgds_6.18/2/dgds/Application/Home/Public/css/images/fangdajing.png
INFO: [ app_init ] --START--
INFO: Run Behavior\BuildLiteBehavior [ RunTime:0.000029s ]
INFO: [ app_init ] --END-- [ RunTime:0.000517s ]
ERR: 无法加载模块:Dgds

[ 2015-07-02T17:27:34+08:00 ] ::1 /dgds_6.18/2/dgds/Application/Home/Public/images/hui.png
INFO: [ app_init ] --START--
INFO: Run Behavior\BuildLiteBehavior [ RunTime:0.000020s ]
INFO: [ app_init ] --END-- [ RunTime:0.000392s ]
ERR: 无法加载模块:Dgds

[ 2015-07-02T17:27:34+08:00 ] ::1 /dgds_6.18/2/dgds/Application/Home/Public/css/images/fangdajing.png
INFO: [ app_init ] --START--
INFO: Run Behavior\BuildLiteBehavior [ RunTime:0.000025s ]
INFO: [ app_init ] --END-- [ RunTime:0.000522s ]
ERR: 无法加载模块:Dgds

[ 2015-07-02T17:27:40+08:00 ] ::1 /dgds_6.18/2/dgds/Application/Home/Public/images/hui.png
INFO: [ app_init ] --START--
INFO: Run Behavior\BuildLiteBehavior [ RunTime:0.000028s ]
INFO: [ app_init ] --END-- [ RunTime:0.000387s ]
ERR: 无法加载模块:Dgds

[ 2015-07-02T17:27:40+08:00 ] ::1 /dgds_6.18/2/dgds/Application/Home/Public/css/images/fangdajing.png
INFO: [ app_init ] --START--
INFO: Run Behavior\BuildLiteBehavior [ RunTime:0.000020s ]
INFO: [ app_init ] --END-- [ RunTime:0.000473s ]
ERR: 无法加载模块:Dgds

[ 2015-07-02T17:27:42+08:00 ] ::1 /dgds_6.18/2/dgds/Application/Home/Public/images/hui.png
INFO: [ app_init ] --START--
INFO: Run Behavior\BuildLiteBehavior [ RunTime:0.000019s ]
INFO: [ app_init ] --END-- [ RunTime:0.000377s ]
ERR: 无法加载模块:Dgds

[ 2015-07-02T17:27:42+08:00 ] ::1 /dgds_6.18/2/dgds/Application/Home/Public/css/images/fangdajing.png
INFO: [ app_init ] --START--
INFO: Run Behavior\BuildLiteBehavior [ RunTime:0.000026s ]
INFO: [ app_init ] --END-- [ RunTime:0.000501s ]
ERR: 无法加载模块:Dgds

[ 2015-07-02T21:53:05+08:00 ] ::1 /dgds_6.18/2/dgds/Application/Home/Public/css/images/fangdajing.png
INFO: [ app_init ] --START--
INFO: Run Behavior\BuildLiteBehavior [ RunTime:0.000033s ]
INFO: [ app_init ] --END-- [ RunTime:0.000606s ]
ERR: 无法加载模块:Dgds

[ 2015-07-02T21:53:05+08:00 ] ::1 /dgds_6.18/2/dgds/Application/Home/Public/images/hui.png
INFO: [ app_init ] --START--
INFO: Run Behavior\BuildLiteBehavior [ RunTime:0.000042s ]
INFO: [ app_init ] --END-- [ RunTime:0.000801s ]
ERR: 无法加载模块:Dgds

[ 2015-07-02T22:05:12+08:00 ] ::1 /dgds_6.18/2/dgds/Application/Home/Public/css/images/fangdajing.png
INFO: [ app_init ] --START--
INFO: Run Behavior\BuildLiteBehavior [ RunTime:0.000033s ]
INFO: [ app_init ] --END-- [ RunTime:0.000643s ]
ERR: 无法加载模块:Dgds

[ 2015-07-02T22:05:12+08:00 ] ::1 /dgds_6.18/2/dgds/Application/Home/Public/images/hui.png
INFO: [ app_init ] --START--
INFO: Run Behavior\BuildLiteBehavior [ RunTime:0.000035s ]
INFO: [ app_init ] --END-- [ RunTime:0.001722s ]
ERR: 无法加载模块:Dgds

[ 2015-07-02T22:06:02+08:00 ] ::1 /dgds_6.18/2/dgds/Application/Home/Public/images/hui.png
INFO: [ app_init ] --START--
INFO: Run Behavior\BuildLiteBehavior [ RunTime:0.000033s ]
INFO: [ app_init ] --END-- [ RunTime:0.000585s ]
ERR: 无法加载模块:Dgds

[ 2015-07-02T22:06:02+08:00 ] ::1 /dgds_6.18/2/dgds/Application/Home/Public/css/images/fangdajing.png
INFO: [ app_init ] --START--
INFO: Run Behavior\BuildLiteBehavior [ RunTime:0.000024s ]
INFO: [ app_init ] --END-- [ RunTime:0.000522s ]
ERR: 无法加载模块:Dgds

[ 2015-07-02T22:07:59+08:00 ] ::1 /dgds_6.18/2/dgds/Application/Home/Public/images/hui.png
INFO: [ app_init ] --START--
INFO: Run Behavior\BuildLiteBehavior [ RunTime:0.000035s ]
INFO: [ app_init ] --END-- [ RunTime:0.000616s ]
ERR: 无法加载模块:Dgds

[ 2015-07-02T22:07:59+08:00 ] ::1 /dgds_6.18/2/dgds/Application/Home/Public/css/images/fangdajing.png
INFO: [ app_init ] --START--
INFO: Run Behavior\BuildLiteBehavior [ RunTime:0.000033s ]
INFO: [ app_init ] --END-- [ RunTime:0.000737s ]
ERR: 无法加载模块:Dgds

[ 2015-07-02T22:08:11+08:00 ] ::1 /dgds_6.18/2/dgds/Application/Home/Public/css/images/fangdajing.png
INFO: [ app_init ] --START--
INFO: Run Behavior\BuildLiteBehavior [ RunTime:0.000035s ]
INFO: [ app_init ] --END-- [ RunTime:0.000675s ]
ERR: 无法加载模块:Dgds

[ 2015-07-02T22:08:11+08:00 ] ::1 /dgds_6.18/2/dgds/Application/Home/Public/images/hui.png
INFO: [ app_init ] --START--
INFO: Run Behavior\BuildLiteBehavior [ RunTime:0.000019s ]
INFO: [ app_init ] --END-- [ RunTime:0.000448s ]
ERR: 无法加载模块:Dgds

[ 2015-07-02T22:08:16+08:00 ] ::1 /dgds_6.18/2/dgds/Application/Home/Public/css/images/fangdajing.png
INFO: [ app_init ] --START--
INFO: Run Behavior\BuildLiteBehavior [ RunTime:0.000035s ]
INFO: [ app_init ] --END-- [ RunTime:0.000599s ]
ERR: 无法加载模块:Dgds

[ 2015-07-02T22:08:16+08:00 ] ::1 /dgds_6.18/2/dgds/Application/Home/Public/images/hui.png
INFO: [ app_init ] --START--
INFO: Run Behavior\BuildLiteBehavior [ RunTime:0.000033s ]
INFO: [ app_init ] --END-- [ RunTime:0.000764s ]
ERR: 无法加载模块:Dgds

[ 2015-07-02T22:09:39+08:00 ] ::1 /dgds_6.18/2/dgds/Application/Home/Public/css/images/fangdajing.png
INFO: [ app_init ] --START--
INFO: Run Behavior\BuildLiteBehavior [ RunTime:0.000028s ]
INFO: [ app_init ] --END-- [ RunTime:0.000407s ]
ERR: 无法加载模块:Dgds

[ 2015-07-02T22:09:39+08:00 ] ::1 /dgds_6.18/2/dgds/Application/Home/Public/images/hui.png
INFO: [ app_init ] --START--
INFO: Run Behavior\BuildLiteBehavior [ RunTime:0.000019s ]
INFO: [ app_init ] --END-- [ RunTime:0.000409s ]
ERR: 无法加载模块:Dgds

[ 2015-07-02T22:10:51+08:00 ] ::1 /dgds_6.18/2/dgds/Application/Home/Public/images/hui.png
INFO: [ app_init ] --START--
INFO: Run Behavior\BuildLiteBehavior [ RunTime:0.000039s ]
INFO: [ app_init ] --END-- [ RunTime:0.001816s ]
ERR: 无法加载模块:Dgds

[ 2015-07-02T22:10:51+08:00 ] ::1 /dgds_6.18/2/dgds/Application/Home/Public/css/images/fangdajing.png
INFO: [ app_init ] --START--
INFO: Run Behavior\BuildLiteBehavior [ RunTime:0.000034s ]
INFO: [ app_init ] --END-- [ RunTime:0.000954s ]
ERR: 无法加载模块:Dgds

[ 2015-07-02T22:11:47+08:00 ] ::1 /dgds_6.18/2/dgds/Application/Home/Public/images/hui.png
INFO: [ app_init ] --START--
INFO: Run Behavior\BuildLiteBehavior [ RunTime:0.000032s ]
INFO: [ app_init ] --END-- [ RunTime:0.000599s ]
ERR: 无法加载模块:Dgds

[ 2015-07-02T22:11:47+08:00 ] ::1 /dgds_6.18/2/dgds/Application/Home/Public/css/images/fangdajing.png
INFO: [ app_init ] --START--
INFO: Run Behavior\BuildLiteBehavior [ RunTime:0.000041s ]
INFO: [ app_init ] --END-- [ RunTime:0.000769s ]
ERR: 无法加载模块:Dgds

[ 2015-07-02T22:13:22+08:00 ] ::1 /dgds_6.18/2/dgds/Application/Home/Public/css/images/fangdajing.png
INFO: [ app_init ] --START--
INFO: Run Behavior\BuildLiteBehavior [ RunTime:0.000032s ]
INFO: [ app_init ] --END-- [ RunTime:0.000774s ]
ERR: 无法加载模块:Dgds

[ 2015-07-02T22:13:22+08:00 ] ::1 /dgds_6.18/2/dgds/Application/Home/Public/images/hui.png
INFO: [ app_init ] --START--
INFO: Run Behavior\BuildLiteBehavior [ RunTime:0.000029s ]
INFO: [ app_init ] --END-- [ RunTime:0.000671s ]
ERR: 无法加载模块:Dgds

[ 2015-07-02T22:13:27+08:00 ] ::1 /dgds_6.18/2/dgds/Application/Home/Public/images/hui.png
INFO: [ app_init ] --START--
INFO: Run Behavior\BuildLiteBehavior [ RunTime:0.000038s ]
INFO: [ app_init ] --END-- [ RunTime:0.000818s ]
ERR: 无法加载模块:Dgds

[ 2015-07-02T22:13:27+08:00 ] ::1 /dgds_6.18/2/dgds/Application/Home/Public/css/images/fangdajing.png
INFO: [ app_init ] --START--
INFO: Run Behavior\BuildLiteBehavior [ RunTime:0.000034s ]
INFO: [ app_init ] --END-- [ RunTime:0.000626s ]
ERR: 无法加载模块:Dgds

[ 2015-07-02T22:14:05+08:00 ] ::1 /dgds_6.18/2/dgds/Application/Home/Public/css/images/fangdajing.png
INFO: [ app_init ] --START--
INFO: Run Behavior\BuildLiteBehavior [ RunTime:0.000020s ]
INFO: [ app_init ] --END-- [ RunTime:0.000422s ]
ERR: 无法加载模块:Dgds

[ 2015-07-02T22:14:05+08:00 ] ::1 /dgds_6.18/2/dgds/Application/Home/Public/images/hui.png
INFO: [ app_init ] --START--
INFO: Run Behavior\BuildLiteBehavior [ RunTime:0.000029s ]
INFO: [ app_init ] --END-- [ RunTime:0.000517s ]
ERR: 无法加载模块:Dgds

[ 2015-07-02T22:14:30+08:00 ] ::1 /dgds_6.18/2/dgds/Application/Home/Public/images/hui.png
INFO: [ app_init ] --START--
INFO: Run Behavior\BuildLiteBehavior [ RunTime:0.000038s ]
INFO: [ app_init ] --END-- [ RunTime:0.000641s ]
ERR: 无法加载模块:Dgds

[ 2015-07-02T22:14:30+08:00 ] ::1 /dgds_6.18/2/dgds/Application/Home/Public/css/images/fangdajing.png
INFO: [ app_init ] --START--
INFO: Run Behavior\BuildLiteBehavior [ RunTime:0.000020s ]
INFO: [ app_init ] --END-- [ RunTime:0.000421s ]
ERR: 无法加载模块:Dgds

[ 2015-07-02T22:15:43+08:00 ] ::1 /dgds_6.18/2/dgds/Application/Home/Public/images/hui.png
INFO: [ app_init ] --START--
INFO: Run Behavior\BuildLiteBehavior [ RunTime:0.000020s ]
INFO: [ app_init ] --END-- [ RunTime:0.000402s ]
ERR: 无法加载模块:Dgds

[ 2015-07-02T22:15:43+08:00 ] ::1 /dgds_6.18/2/dgds/Application/Home/Public/css/images/fangdajing.png
INFO: [ app_init ] --START--
INFO: Run Behavior\BuildLiteBehavior [ RunTime:0.000034s ]
INFO: [ app_init ] --END-- [ RunTime:0.000841s ]
ERR: 无法加载模块:Dgds

[ 2015-07-02T22:16:23+08:00 ] ::1 /dgds_6.18/2/dgds/Application/Home/Public/images/hui.png
INFO: [ app_init ] --START--
INFO: Run Behavior\BuildLiteBehavior [ RunTime:0.000033s ]
INFO: [ app_init ] --END-- [ RunTime:0.000629s ]
ERR: 无法加载模块:Dgds

[ 2015-07-02T22:16:23+08:00 ] ::1 /dgds_6.18/2/dgds/Application/Home/Public/css/images/fangdajing.png
INFO: [ app_init ] --START--
INFO: Run Behavior\BuildLiteBehavior [ RunTime:0.000021s ]
INFO: [ app_init ] --END-- [ RunTime:0.000495s ]
ERR: 无法加载模块:Dgds

[ 2015-07-02T22:17:52+08:00 ] ::1 /dgds_6.18/2/dgds/Application/Home/Public/images/hui.png
INFO: [ app_init ] --START--
INFO: Run Behavior\BuildLiteBehavior [ RunTime:0.000031s ]
INFO: [ app_init ] --END-- [ RunTime:0.000605s ]
ERR: 无法加载模块:Dgds

[ 2015-07-02T22:17:52+08:00 ] ::1 /dgds_6.18/2/dgds/Application/Home/Public/css/images/fangdajing.png
INFO: [ app_init ] --START--
INFO: Run Behavior\BuildLiteBehavior [ RunTime:0.000019s ]
INFO: [ app_init ] --END-- [ RunTime:0.000416s ]
ERR: 无法加载模块:Dgds

[ 2015-07-02T22:19:48+08:00 ] ::1 /dgds_6.18/2/dgds/Application/Home/Public/images/hui.png
INFO: [ app_init ] --START--
INFO: Run Behavior\BuildLiteBehavior [ RunTime:0.000036s ]
INFO: [ app_init ] --END-- [ RunTime:0.000803s ]
ERR: 无法加载模块:Dgds

[ 2015-07-02T22:19:48+08:00 ] ::1 /dgds_6.18/2/dgds/Application/Home/Public/css/images/fangdajing.png
INFO: [ app_init ] --START--
INFO: Run Behavior\BuildLiteBehavior [ RunTime:0.000033s ]
INFO: [ app_init ] --END-- [ RunTime:0.000724s ]
ERR: 无法加载模块:Dgds

[ 2015-07-02T22:19:59+08:00 ] ::1 /dgds_6.18/2/dgds/Application/Home/Public/css/images/fangdajing.png
INFO: [ app_init ] --START--
INFO: Run Behavior\BuildLiteBehavior [ RunTime:0.000041s ]
INFO: [ app_init ] --END-- [ RunTime:0.000788s ]
ERR: 无法加载模块:Dgds

[ 2015-07-02T22:19:59+08:00 ] ::1 /dgds_6.18/2/dgds/Application/Home/Public/images/hui.png
INFO: [ app_init ] --START--
INFO: Run Behavior\BuildLiteBehavior [ RunTime:0.000033s ]
INFO: [ app_init ] --END-- [ RunTime:0.000595s ]
ERR: 无法加载模块:Dgds

[ 2015-07-02T22:21:07+08:00 ] ::1 /dgds_6.18/2/dgds/Application/Home/Public/images/hui.png
INFO: [ app_init ] --START--
INFO: Run Behavior\BuildLiteBehavior [ RunTime:0.000043s ]
INFO: [ app_init ] --END-- [ RunTime:0.000692s ]
ERR: 无法加载模块:Dgds

[ 2015-07-02T22:21:07+08:00 ] ::1 /dgds_6.18/2/dgds/Application/Home/Public/css/images/fangdajing.png
INFO: [ app_init ] --START--
INFO: Run Behavior\BuildLiteBehavior [ RunTime:0.000031s ]
INFO: [ app_init ] --END-- [ RunTime:0.000634s ]
ERR: 无法加载模块:Dgds

[ 2015-07-02T22:21:25+08:00 ] ::1 /dgds_6.18/2/dgds/Application/Home/Public/images/hui.png
INFO: [ app_init ] --START--
INFO: Run Behavior\BuildLiteBehavior [ RunTime:0.000032s ]
INFO: [ app_init ] --END-- [ RunTime:0.000659s ]
ERR: 无法加载模块:Dgds

[ 2015-07-02T22:21:25+08:00 ] ::1 /dgds_6.18/2/dgds/Application/Home/Public/css/images/fangdajing.png
INFO: [ app_init ] --START--
INFO: Run Behavior\BuildLiteBehavior [ RunTime:0.000036s ]
INFO: [ app_init ] --END-- [ RunTime:0.000765s ]
ERR: 无法加载模块:Dgds

[ 2015-07-02T22:21:28+08:00 ] ::1 /dgds_6.18/2/dgds/Application/Home/Public/images/hui.png
INFO: [ app_init ] --START--
INFO: Run Behavior\BuildLiteBehavior [ RunTime:0.000035s ]
INFO: [ app_init ] --END-- [ RunTime:0.000738s ]
ERR: 无法加载模块:Dgds

[ 2015-07-02T22:21:28+08:00 ] ::1 /dgds_6.18/2/dgds/Application/Home/Public/css/images/fangdajing.png
INFO: [ app_init ] --START--
INFO: Run Behavior\BuildLiteBehavior [ RunTime:0.000034s ]
INFO: [ app_init ] --END-- [ RunTime:0.000659s ]
ERR: 无法加载模块:Dgds

[ 2015-07-02T22:22:16+08:00 ] ::1 /dgds_6.18/2/dgds/Application/Home/Public/css/images/fangdajing.png
INFO: [ app_init ] --START--
INFO: Run Behavior\BuildLiteBehavior [ RunTime:0.000034s ]
INFO: [ app_init ] --END-- [ RunTime:0.000648s ]
ERR: 无法加载模块:Dgds

[ 2015-07-02T22:22:16+08:00 ] ::1 /dgds_6.18/2/dgds/Application/Home/Public/images/hui.png
INFO: [ app_init ] --START--
INFO: Run Behavior\BuildLiteBehavior [ RunTime:0.000033s ]
INFO: [ app_init ] --END-- [ RunTime:0.000618s ]
ERR: 无法加载模块:Dgds

[ 2015-07-02T22:26:35+08:00 ] ::1 /dgds_6.18/2/dgds/Application/Home/Public/css/images/fangdajing.png
INFO: [ app_init ] --START--
INFO: Run Behavior\BuildLiteBehavior [ RunTime:0.000031s ]
INFO: [ app_init ] --END-- [ RunTime:0.000575s ]
ERR: 无法加载模块:Dgds

[ 2015-07-02T22:26:35+08:00 ] ::1 /dgds_6.18/2/dgds/Application/Home/Public/images/hui.png
INFO: [ app_init ] --START--
INFO: Run Behavior\BuildLiteBehavior [ RunTime:0.000036s ]
INFO: [ app_init ] --END-- [ RunTime:0.000757s ]
ERR: 无法加载模块:Dgds

[ 2015-07-02T22:26:51+08:00 ] ::1 /dgds_6.18/2/dgds/Application/Home/Public/images/hui.png
INFO: [ app_init ] --START--
INFO: Run Behavior\BuildLiteBehavior [ RunTime:0.000031s ]
INFO: [ app_init ] --END-- [ RunTime:0.000549s ]
ERR: 无法加载模块:Dgds

[ 2015-07-02T22:26:51+08:00 ] ::1 /dgds_6.18/2/dgds/Application/Home/Public/css/images/fangdajing.png
INFO: [ app_init ] --START--
INFO: Run Behavior\BuildLiteBehavior [ RunTime:0.000031s ]
INFO: [ app_init ] --END-- [ RunTime:0.000597s ]
ERR: 无法加载模块:Dgds

[ 2015-07-02T22:27:20+08:00 ] ::1 /dgds_6.18/2/dgds/Application/Home/Public/css/images/fangdajing.png
INFO: [ app_init ] --START--
INFO: Run Behavior\BuildLiteBehavior [ RunTime:0.000033s ]
INFO: [ app_init ] --END-- [ RunTime:0.000628s ]
ERR: 无法加载模块:Dgds

[ 2015-07-02T22:27:20+08:00 ] ::1 /dgds_6.18/2/dgds/Application/Home/Public/images/hui.png
INFO: [ app_init ] --START--
INFO: Run Behavior\BuildLiteBehavior [ RunTime:0.000029s ]
INFO: [ app_init ] --END-- [ RunTime:0.000584s ]
ERR: 无法加载模块:Dgds

[ 2015-07-02T22:27:28+08:00 ] ::1 /dgds_6.18/2/dgds/Application/Home/Public/css/images/fangdajing.png
INFO: [ app_init ] --START--
INFO: Run Behavior\BuildLiteBehavior [ RunTime:0.000035s ]
INFO: [ app_init ] --END-- [ RunTime:0.000690s ]
ERR: 无法加载模块:Dgds

[ 2015-07-02T22:27:28+08:00 ] ::1 /dgds_6.18/2/dgds/Application/Home/Public/images/hui.png
INFO: [ app_init ] --START--
INFO: Run Behavior\BuildLiteBehavior [ RunTime:0.000020s ]
INFO: [ app_init ] --END-- [ RunTime:0.000407s ]
ERR: 无法加载模块:Dgds

[ 2015-07-02T22:28:08+08:00 ] ::1 /dgds_6.18/2/dgds/Application/Home/Public/images/hui.png
INFO: [ app_init ] --START--
INFO: Run Behavior\BuildLiteBehavior [ RunTime:0.000036s ]
INFO: [ app_init ] --END-- [ RunTime:0.000570s ]
ERR: 无法加载模块:Dgds

[ 2015-07-02T22:28:08+08:00 ] ::1 /dgds_6.18/2/dgds/Application/Home/Public/css/images/fangdajing.png
INFO: [ app_init ] --START--
INFO: Run Behavior\BuildLiteBehavior [ RunTime:0.000030s ]
INFO: [ app_init ] --END-- [ RunTime:0.000539s ]
ERR: 无法加载模块:Dgds

[ 2015-07-02T22:33:43+08:00 ] ::1 /dgds_6.18/2/dgds/Application/Home/Public/css/images/fangdajing.png
INFO: [ app_init ] --START--
INFO: Run Behavior\BuildLiteBehavior [ RunTime:0.000036s ]
INFO: [ app_init ] --END-- [ RunTime:0.000615s ]
ERR: 无法加载模块:Dgds

[ 2015-07-02T22:33:43+08:00 ] ::1 /dgds_6.18/2/dgds/Application/Home/Public/images/hui.png
INFO: [ app_init ] --START--
INFO: Run Behavior\BuildLiteBehavior [ RunTime:0.000038s ]
INFO: [ app_init ] --END-- [ RunTime:0.000851s ]
ERR: 无法加载模块:Dgds

[ 2015-07-02T22:33:46+08:00 ] ::1 /dgds_6.18/2/dgds/Application/Home/Public/images/hui.png
INFO: [ app_init ] --START--
INFO: Run Behavior\BuildLiteBehavior [ RunTime:0.000031s ]
INFO: [ app_init ] --END-- [ RunTime:0.000652s ]
ERR: 无法加载模块:Dgds

[ 2015-07-02T22:33:46+08:00 ] ::1 /dgds_6.18/2/dgds/Application/Home/Public/css/images/fangdajing.png
INFO: [ app_init ] --START--
INFO: Run Behavior\BuildLiteBehavior [ RunTime:0.000076s ]
INFO: [ app_init ] --END-- [ RunTime:0.000668s ]
ERR: 无法加载模块:Dgds

[ 2015-07-02T22:33:51+08:00 ] ::1 /dgds_6.18/2/dgds/Application/Home/Public/css/images/fangdajing.png
INFO: [ app_init ] --START--
INFO: Run Behavior\BuildLiteBehavior [ RunTime:0.000046s ]
INFO: [ app_init ] --END-- [ RunTime:0.000888s ]
ERR: 无法加载模块:Dgds

[ 2015-07-02T22:33:51+08:00 ] ::1 /dgds_6.18/2/dgds/Application/Home/Public/images/hui.png
INFO: [ app_init ] --START--
INFO: Run Behavior\BuildLiteBehavior [ RunTime:0.000034s ]
INFO: [ app_init ] --END-- [ RunTime:0.000785s ]
ERR: 无法加载模块:Dgds

[ 2015-07-02T22:34:44+08:00 ] ::1 /dgds_6.18/2/dgds/Application/Home/Public/css/images/fangdajing.png
INFO: [ app_init ] --START--
INFO: Run Behavior\BuildLiteBehavior [ RunTime:0.000035s ]
INFO: [ app_init ] --END-- [ RunTime:0.000569s ]
ERR: 无法加载模块:Dgds

[ 2015-07-02T22:34:44+08:00 ] ::1 /dgds_6.18/2/dgds/Application/Home/Public/images/hui.png
INFO: [ app_init ] --START--
INFO: Run Behavior\BuildLiteBehavior [ RunTime:0.000035s ]
INFO: [ app_init ] --END-- [ RunTime:0.000670s ]
ERR: 无法加载模块:Dgds

[ 2015-07-02T22:40:33+08:00 ] ::1 /dgds_6.18/2/dgds/Application/Home/Public/css/images/fangdajing.png
INFO: [ app_init ] --START--
INFO: Run Behavior\BuildLiteBehavior [ RunTime:0.000029s ]
INFO: [ app_init ] --END-- [ RunTime:0.000617s ]
ERR: 无法加载模块:Dgds

[ 2015-07-02T22:40:33+08:00 ] ::1 /dgds_6.18/2/dgds/Application/Home/Public/images/hui.png
INFO: [ app_init ] --START--
INFO: Run Behavior\BuildLiteBehavior [ RunTime:0.000033s ]
INFO: [ app_init ] --END-- [ RunTime:0.000605s ]
ERR: 无法加载模块:Dgds

[ 2015-07-02T22:41:09+08:00 ] ::1 /dgds_6.18/2/dgds/Application/Home/Public/css/images/fangdajing.png
INFO: [ app_init ] --START--
INFO: Run Behavior\BuildLiteBehavior [ RunTime:0.000033s ]
INFO: [ app_init ] --END-- [ RunTime:0.000713s ]
ERR: 无法加载模块:Dgds

[ 2015-07-02T22:41:09+08:00 ] ::1 /dgds_6.18/2/dgds/Application/Home/Public/images/hui.png
INFO: [ app_init ] --START--
INFO: Run Behavior\BuildLiteBehavior [ RunTime:0.000035s ]
INFO: [ app_init ] --END-- [ RunTime:0.000793s ]
ERR: 无法加载模块:Dgds

[ 2015-07-02T22:41:13+08:00 ] ::1 /dgds_6.18/2/dgds/Application/Home/Public/images/hui.png
INFO: [ app_init ] --START--
INFO: Run Behavior\BuildLiteBehavior [ RunTime:0.000033s ]
INFO: [ app_init ] --END-- [ RunTime:0.000670s ]
ERR: 无法加载模块:Dgds

[ 2015-07-02T22:41:13+08:00 ] ::1 /dgds_6.18/2/dgds/Application/Home/Public/css/images/fangdajing.png
INFO: [ app_init ] --START--
INFO: Run Behavior\BuildLiteBehavior [ RunTime:0.000022s ]
INFO: [ app_init ] --END-- [ RunTime:0.000617s ]
ERR: 无法加载模块:Dgds

[ 2015-07-02T22:46:47+08:00 ] ::1 /dgds_6.18/2/dgds/Application/Home/Public/css/images/fangdajing.png
INFO: [ app_init ] --START--
INFO: Run Behavior\BuildLiteBehavior [ RunTime:0.000020s ]
INFO: [ app_init ] --END-- [ RunTime:0.000379s ]
ERR: 无法加载模块:Dgds

[ 2015-07-02T22:46:47+08:00 ] ::1 /dgds_6.18/2/dgds/Application/Home/Public/images/hui.png
INFO: [ app_init ] --START--
INFO: Run Behavior\BuildLiteBehavior [ RunTime:0.000028s ]
INFO: [ app_init ] --END-- [ RunTime:0.000850s ]
ERR: 无法加载模块:Dgds

[ 2015-07-02T22:46:57+08:00 ] ::1 /dgds_6.18/2/dgds/Application/Home/Public/css/images/fangdajing.png
INFO: [ app_init ] --START--
INFO: Run Behavior\BuildLiteBehavior [ RunTime:0.000042s ]
INFO: [ app_init ] --END-- [ RunTime:0.001065s ]
ERR: 无法加载模块:Dgds

[ 2015-07-02T22:46:57+08:00 ] ::1 /dgds_6.18/2/dgds/Application/Home/Public/images/hui.png
INFO: [ app_init ] --START--
INFO: Run Behavior\BuildLiteBehavior [ RunTime:0.000030s ]
INFO: [ app_init ] --END-- [ RunTime:0.000590s ]
ERR: 无法加载模块:Dgds

[ 2015-07-02T22:55:45+08:00 ] ::1 /dgds_6.18/2/dgds/Application/Home/Public/images/hui.png
INFO: [ app_init ] --START--
INFO: Run Behavior\BuildLiteBehavior [ RunTime:0.000021s ]
INFO: [ app_init ] --END-- [ RunTime:0.000499s ]
ERR: 无法加载模块:Dgds

[ 2015-07-02T22:55:45+08:00 ] ::1 /dgds_6.18/2/dgds/Application/Home/Public/css/images/fangdajing.png
INFO: [ app_init ] --START--
INFO: Run Behavior\BuildLiteBehavior [ RunTime:0.000036s ]
INFO: [ app_init ] --END-- [ RunTime:0.000729s ]
ERR: 无法加载模块:Dgds

