[ 2015-06-30T21:30:57+08:00 ] ::1 /dgds_6.18/2/dgds/images/six_6.png
INFO: [ app_init ] --START--
INFO: Run Behavior\BuildLiteBehavior [ RunTime:0.000031s ]
INFO: [ app_init ] --END-- [ RunTime:0.000575s ]
ERR: 无法加载模块:Dgds

[ 2015-06-30T21:30:57+08:00 ] ::1 /dgds_6.18/2/dgds/Application/Home/Public/css/images/fangdajing.png
INFO: [ app_init ] --START--
INFO: Run Behavior\BuildLiteBehavior [ RunTime:0.000043s ]
INFO: [ app_init ] --END-- [ RunTime:0.000712s ]
ERR: 无法加载模块:Dgds

[ 2015-06-30T21:39:11+08:00 ] ::1 /dgds_6.18/2/dgds/Application/Home/Public/css/images/fangdajing.png
INFO: [ app_init ] --START--
INFO: Run Behavior\BuildLiteBehavior [ RunTime:0.000035s ]
INFO: [ app_init ] --END-- [ RunTime:0.000691s ]
ERR: 无法加载模块:Dgds

[ 2015-06-30T21:39:57+08:00 ] ::1 /dgds_6.18/2/dgds/Application/Home/Public/css/images/fangdajing.png
INFO: [ app_init ] --START--
INFO: Run Behavior\BuildLiteBehavior [ RunTime:0.000030s ]
INFO: [ app_init ] --END-- [ RunTime:0.000598s ]
ERR: 无法加载模块:Dgds

[ 2015-06-30T21:40:16+08:00 ] ::1 /dgds_6.18/2/dgds/Application/Home/Public/css/images/fangdajing.png
INFO: [ app_init ] --START--
INFO: Run Behavior\BuildLiteBehavior [ RunTime:0.000028s ]
INFO: [ app_init ] --END-- [ RunTime:0.000688s ]
ERR: 无法加载模块:Dgds

[ 2015-06-30T21:40:25+08:00 ] ::1 /dgds_6.18/2/dgds/Application/Home/Public/css/images/fangdajing.png
INFO: [ app_init ] --START--
INFO: Run Behavior\BuildLiteBehavior [ RunTime:0.000041s ]
INFO: [ app_init ] --END-- [ RunTime:0.000741s ]
ERR: 无法加载模块:Dgds

[ 2015-06-30T21:41:41+08:00 ] ::1 /dgds_6.18/2/dgds/Application/Home/Public/css/images/fangdajing.png
INFO: [ app_init ] --START--
INFO: Run Behavior\BuildLiteBehavior [ RunTime:0.000035s ]
INFO: [ app_init ] --END-- [ RunTime:0.000595s ]
ERR: 无法加载模块:Dgds

[ 2015-06-30T21:41:42+08:00 ] ::1 /dgds_6.18/2/dgds/Application/Home/Public/css/images/fangdajing.png
INFO: [ app_init ] --START--
INFO: Run Behavior\BuildLiteBehavior [ RunTime:0.000032s ]
INFO: [ app_init ] --END-- [ RunTime:0.000644s ]
ERR: 无法加载模块:Dgds

[ 2015-06-30T21:42:02+08:00 ] ::1 /dgds_6.18/2/dgds/Application/Home/Public/images/hui.png
INFO: [ app_init ] --START--
INFO: Run Behavior\BuildLiteBehavior [ RunTime:0.000033s ]
INFO: [ app_init ] --END-- [ RunTime:0.000644s ]
ERR: 无法加载模块:Dgds

[ 2015-06-30T21:42:02+08:00 ] ::1 /dgds_6.18/2/dgds/Application/Home/Public/css/images/fangdajing.png
INFO: [ app_init ] --START--
INFO: Run Behavior\BuildLiteBehavior [ RunTime:0.000034s ]
INFO: [ app_init ] --END-- [ RunTime:0.000752s ]
ERR: 无法加载模块:Dgds

