[ 2015-06-18T08:37:11+08:00 ] 127.0.0.1 /2/dgds/Assets/Admin/js/jquery-1.11.3.min.js
INFO: [ app_init ] --START--
INFO: Run Behavior\BuildLiteBehavior [ RunTime:0.000000s ]
INFO: [ app_init ] --END-- [ RunTime:0.000000s ]
ERR: 无法加载模块:Dgds

[ 2015-06-18T08:52:27+08:00 ] 127.0.0.1 /2/dgds/dgds/Application/Assets/Admin/js/jquery-1.11.3.min.js
INFO: [ app_init ] --START--
INFO: Run Behavior\BuildLiteBehavior [ RunTime:0.000000s ]
INFO: [ app_init ] --END-- [ RunTime:0.000000s ]
ERR: 无法加载模块:Dgds

[ 2015-06-18T08:53:17+08:00 ] 127.0.0.1 /2/dgds/dgds/Application/Assets/Admin/js/jquery-1.11.3.min.js
INFO: [ app_init ] --START--
INFO: Run Behavior\BuildLiteBehavior [ RunTime:0.000000s ]
INFO: [ app_init ] --END-- [ RunTime:0.000000s ]
ERR: 无法加载模块:Dgds

[ 2015-06-18T10:00:52+08:00 ] 127.0.0.1 /2/dgds/dgds/Application/Assets/Admin/js/jquery-1.11.3.min.js
INFO: [ app_init ] --START--
INFO: Run Behavior\BuildLiteBehavior [ RunTime:0.000000s ]
INFO: [ app_init ] --END-- [ RunTime:0.000000s ]
ERR: 无法加载模块:Dgds

[ 2015-06-18T10:06:31+08:00 ] 127.0.0.1 /2/dgds/dgds/Application/Assets/Admin/js/jquery-1.11.3.min.js
INFO: [ app_init ] --START--
INFO: Run Behavior\BuildLiteBehavior [ RunTime:0.000000s ]
INFO: [ app_init ] --END-- [ RunTime:0.000000s ]
ERR: 无法加载模块:Dgds

[ 2015-06-18T10:08:25+08:00 ] 127.0.0.1 /2/dgds/dgds/Application/Assets/Admin/js/jquery-1.11.3.min.js
INFO: [ app_init ] --START--
INFO: Run Behavior\BuildLiteBehavior [ RunTime:0.000000s ]
INFO: [ app_init ] --END-- [ RunTime:0.000000s ]
ERR: 无法加载模块:Dgds

[ 2015-06-18T10:30:38+08:00 ] 127.0.0.1 /2/dgds/dgds/Application/Assets/Admin/js/jquery-1.11.3.min.js
INFO: [ app_init ] --START--
INFO: Run Behavior\BuildLiteBehavior [ RunTime:0.000000s ]
INFO: [ app_init ] --END-- [ RunTime:0.000000s ]
ERR: 无法加载模块:Dgds

[ 2015-06-18T10:30:42+08:00 ] 127.0.0.1 /2/dgds/dgds/Application/Assets/Admin/js/jquery-1.11.3.min.js
INFO: [ app_init ] --START--
INFO: Run Behavior\BuildLiteBehavior [ RunTime:0.000000s ]
INFO: [ app_init ] --END-- [ RunTime:0.000000s ]
ERR: 无法加载模块:Dgds

[ 2015-06-18T10:30:51+08:00 ] 127.0.0.1 /2/dgds/dgds/Application/Assets/Admin/js/jquery-1.11.3.min.js
INFO: [ app_init ] --START--
INFO: Run Behavior\BuildLiteBehavior [ RunTime:0.000000s ]
INFO: [ app_init ] --END-- [ RunTime:0.000000s ]
ERR: 无法加载模块:Dgds

[ 2015-06-18T10:30:52+08:00 ] 127.0.0.1 /2/dgds/dgds/Application/Assets/Admin/js/jquery-1.11.3.min.js
INFO: [ app_init ] --START--
INFO: Run Behavior\BuildLiteBehavior [ RunTime:0.000000s ]
INFO: [ app_init ] --END-- [ RunTime:0.000000s ]
ERR: 无法加载模块:Dgds

[ 2015-06-18T10:30:58+08:00 ] 127.0.0.1 /2/dgds/dgds/Application/Assets/Admin/js/jquery-1.11.3.min.js
INFO: [ app_init ] --START--
INFO: Run Behavior\BuildLiteBehavior [ RunTime:0.000000s ]
INFO: [ app_init ] --END-- [ RunTime:0.000000s ]
ERR: 无法加载模块:Dgds

[ 2015-06-18T10:31:03+08:00 ] 127.0.0.1 /2/dgds/dgds/Application/Assets/Admin/js/jquery-1.11.3.min.js
INFO: [ app_init ] --START--
INFO: Run Behavior\BuildLiteBehavior [ RunTime:0.000000s ]
INFO: [ app_init ] --END-- [ RunTime:0.000000s ]
ERR: 无法加载模块:Dgds

[ 2015-06-18T10:34:18+08:00 ] 127.0.0.1 /2/dgds/dgds/Application/Assets/Admin/js/jquery-1.11.3.min.js
INFO: [ app_init ] --START--
INFO: Run Behavior\BuildLiteBehavior [ RunTime:0.000000s ]
INFO: [ app_init ] --END-- [ RunTime:0.000000s ]
ERR: 无法加载模块:Dgds

[ 2015-06-18T10:34:24+08:00 ] 127.0.0.1 /2/dgds/dgds/Application/Assets/Admin/js/jquery-1.11.3.min.js
INFO: [ app_init ] --START--
INFO: Run Behavior\BuildLiteBehavior [ RunTime:0.000000s ]
INFO: [ app_init ] --END-- [ RunTime:0.000000s ]
ERR: 无法加载模块:Dgds

[ 2015-06-18T10:34:29+08:00 ] 127.0.0.1 /2/dgds/dgds/Application/Assets/Admin/js/jquery-1.11.3.min.js
INFO: [ app_init ] --START--
INFO: Run Behavior\BuildLiteBehavior [ RunTime:0.000000s ]
INFO: [ app_init ] --END-- [ RunTime:0.000000s ]
ERR: 无法加载模块:Dgds

[ 2015-06-18T10:38:48+08:00 ] 127.0.0.1 /2/dgds/dgds/Application/Assets/Admin/js/jquery-1.11.3.min.js
INFO: [ app_init ] --START--
INFO: Run Behavior\BuildLiteBehavior [ RunTime:0.015600s ]
INFO: [ app_init ] --END-- [ RunTime:0.015600s ]
ERR: 无法加载模块:Dgds

[ 2015-06-18T10:39:16+08:00 ] 127.0.0.1 /2/dgds/dgds/Application/Assets/Admin/js/jquery-1.11.3.min.js
INFO: [ app_init ] --START--
INFO: Run Behavior\BuildLiteBehavior [ RunTime:0.000000s ]
INFO: [ app_init ] --END-- [ RunTime:0.000000s ]
ERR: 无法加载模块:Dgds

[ 2015-06-18T10:40:08+08:00 ] 127.0.0.1 /2/dgds/dgds/Application/Assets/Admin/js/jquery-1.11.3.min.js
INFO: [ app_init ] --START--
INFO: Run Behavior\BuildLiteBehavior [ RunTime:0.000000s ]
INFO: [ app_init ] --END-- [ RunTime:0.000000s ]
ERR: 无法加载模块:Dgds

[ 2015-06-18T10:41:01+08:00 ] 127.0.0.1 /2/dgds/dgds/Application/Assets/Admin/js/jquery-1.11.3.min.js
INFO: [ app_init ] --START--
INFO: Run Behavior\BuildLiteBehavior [ RunTime:0.000000s ]
INFO: [ app_init ] --END-- [ RunTime:0.000000s ]
ERR: 无法加载模块:Dgds

[ 2015-06-18T10:41:07+08:00 ] 127.0.0.1 /2/dgds/dgds/Application/Assets/Admin/js/jquery-1.11.3.min.js
INFO: [ app_init ] --START--
INFO: Run Behavior\BuildLiteBehavior [ RunTime:0.000000s ]
INFO: [ app_init ] --END-- [ RunTime:0.000000s ]
ERR: 无法加载模块:Dgds

[ 2015-06-18T10:42:05+08:00 ] 127.0.0.1 /2/dgds/dgds/Application/Assets/Admin/js/jquery-1.11.3.min.js
INFO: [ app_init ] --START--
INFO: Run Behavior\BuildLiteBehavior [ RunTime:0.000000s ]
INFO: [ app_init ] --END-- [ RunTime:0.000000s ]
ERR: 无法加载模块:Dgds

[ 2015-06-18T10:42:12+08:00 ] 127.0.0.1 /2/dgds/dgds/Application/Assets/Admin/js/jquery-1.11.3.min.js
INFO: [ app_init ] --START--
INFO: Run Behavior\BuildLiteBehavior [ RunTime:0.000000s ]
INFO: [ app_init ] --END-- [ RunTime:0.000000s ]
ERR: 无法加载模块:Dgds

[ 2015-06-18T10:43:26+08:00 ] 127.0.0.1 /2/dgds/dgds/Application/Assets/Admin/js/jquery-1.11.3.min.js
INFO: [ app_init ] --START--
INFO: Run Behavior\BuildLiteBehavior [ RunTime:0.000000s ]
INFO: [ app_init ] --END-- [ RunTime:0.000000s ]
ERR: 无法加载模块:Dgds

[ 2015-06-18T10:43:30+08:00 ] 127.0.0.1 /2/dgds/dgds/Application/Assets/Admin/js/jquery-1.11.3.min.js
INFO: [ app_init ] --START--
INFO: Run Behavior\BuildLiteBehavior [ RunTime:0.000000s ]
INFO: [ app_init ] --END-- [ RunTime:0.000000s ]
ERR: 无法加载模块:Dgds

[ 2015-06-18T10:48:23+08:00 ] 127.0.0.1 /2/dgds/dgds/Application/Assets/Admin/js/jquery-1.11.3.min.js
INFO: [ app_init ] --START--
INFO: Run Behavior\BuildLiteBehavior [ RunTime:0.000000s ]
INFO: [ app_init ] --END-- [ RunTime:0.001000s ]
ERR: 无法加载模块:Dgds

[ 2015-06-18T10:49:58+08:00 ] 127.0.0.1 /2/dgds/dgds/Application/Assets/Admin/js/jquery-1.11.3.min.js
INFO: [ app_init ] --START--
INFO: Run Behavior\BuildLiteBehavior [ RunTime:0.000000s ]
INFO: [ app_init ] --END-- [ RunTime:0.001000s ]
ERR: 无法加载模块:Dgds

[ 2015-06-18T10:51:17+08:00 ] 127.0.0.1 /2/dgds/dgds/Application/Assets/Admin/js/jquery-1.11.3.min.js
INFO: [ app_init ] --START--
INFO: Run Behavior\BuildLiteBehavior [ RunTime:0.000000s ]
INFO: [ app_init ] --END-- [ RunTime:0.001000s ]
ERR: 无法加载模块:Dgds

[ 2015-06-18T10:52:26+08:00 ] 127.0.0.1 /2/dgds/dgds/Application/Assets/Admin/js/jquery-1.11.3.min.js
INFO: [ app_init ] --START--
INFO: Run Behavior\BuildLiteBehavior [ RunTime:0.000000s ]
INFO: [ app_init ] --END-- [ RunTime:0.001001s ]
ERR: 无法加载模块:Dgds

[ 2015-06-18T10:53:16+08:00 ] 127.0.0.1 /2/dgds/dgds/Application/Assets/Admin/js/jquery-1.11.3.min.js
INFO: [ app_init ] --START--
INFO: Run Behavior\BuildLiteBehavior [ RunTime:0.000000s ]
INFO: [ app_init ] --END-- [ RunTime:0.001000s ]
ERR: 无法加载模块:Dgds

[ 2015-06-18T10:57:39+08:00 ] 127.0.0.1 /2/dgds/dgds/Application/Assets/Admin/js/jquery-1.11.3.min.js
INFO: [ app_init ] --START--
INFO: Run Behavior\BuildLiteBehavior [ RunTime:0.000000s ]
INFO: [ app_init ] --END-- [ RunTime:0.001000s ]
ERR: 无法加载模块:Dgds

[ 2015-06-18T10:57:44+08:00 ] 127.0.0.1 /2/dgds/dgds/Application/Assets/Admin/js/jquery-1.11.3.min.js
INFO: [ app_init ] --START--
INFO: Run Behavior\BuildLiteBehavior [ RunTime:0.000000s ]
INFO: [ app_init ] --END-- [ RunTime:0.001000s ]
ERR: 无法加载模块:Dgds

[ 2015-06-18T10:58:29+08:00 ] 127.0.0.1 /2/dgds/dgds/Application/Assets/Admin/js/jquery-1.11.3.min.js
INFO: [ app_init ] --START--
INFO: Run Behavior\BuildLiteBehavior [ RunTime:0.000000s ]
INFO: [ app_init ] --END-- [ RunTime:0.001000s ]
ERR: 无法加载模块:Dgds

[ 2015-06-18T10:58:42+08:00 ] 127.0.0.1 /2/dgds/dgds/Application/Assets/Admin/js/jquery-1.11.3.min.js
INFO: [ app_init ] --START--
INFO: Run Behavior\BuildLiteBehavior [ RunTime:0.000000s ]
INFO: [ app_init ] --END-- [ RunTime:0.000000s ]
ERR: 无法加载模块:Dgds

[ 2015-06-18T10:58:43+08:00 ] 127.0.0.1 /2/dgds/dgds/Application/Assets/Admin/js/jquery-1.11.3.min.js
INFO: [ app_init ] --START--
INFO: Run Behavior\BuildLiteBehavior [ RunTime:0.000000s ]
INFO: [ app_init ] --END-- [ RunTime:0.002000s ]
ERR: 无法加载模块:Dgds

[ 2015-06-18T11:00:19+08:00 ] 127.0.0.1 /2/dgds/dgds/Application/Assets/Admin/js/jquery-1.11.3.min.js
INFO: [ app_init ] --START--
INFO: Run Behavior\BuildLiteBehavior [ RunTime:0.001000s ]
INFO: [ app_init ] --END-- [ RunTime:0.002000s ]
ERR: 无法加载模块:Dgds

