[ 2015-06-14T16:12:48+08:00 ] ::1 /1/dgds/Public/Uploads//1
INFO: [ app_init ] --START--
INFO: Run Behavior\BuildLiteBehavior [ RunTime:0.000052s ]
INFO: [ app_init ] --END-- [ RunTime:0.001128s ]
ERR: 无法加载模块:Dgds

[ 2015-06-14T16:13:17+08:00 ] ::1 /1/dgds/Public/Uploads//1
INFO: [ app_init ] --START--
INFO: Run Behavior\BuildLiteBehavior [ RunTime:0.000032s ]
INFO: [ app_init ] --END-- [ RunTime:0.000642s ]
ERR: 无法加载模块:Dgds

[ 2015-06-14T16:13:56+08:00 ] ::1 /1/dgds/Public/Uploads//1
INFO: [ app_init ] --START--
INFO: Run Behavior\BuildLiteBehavior [ RunTime:0.000020s ]
INFO: [ app_init ] --END-- [ RunTime:0.000392s ]
ERR: 无法加载模块:Dgds

[ 2015-06-14T16:14:21+08:00 ] ::1 /1/dgds/Public/Uploads//1
INFO: [ app_init ] --START--
INFO: Run Behavior\BuildLiteBehavior [ RunTime:0.000019s ]
INFO: [ app_init ] --END-- [ RunTime:0.000460s ]
ERR: 无法加载模块:Dgds

[ 2015-06-14T17:26:12+08:00 ] ::1 /1/dgds/Public/Uploads/Video/2015-06-14//557cf59965451.jpg
INFO: [ app_init ] --START--
INFO: Run Behavior\BuildLiteBehavior [ RunTime:0.000034s ]
INFO: [ app_init ] --END-- [ RunTime:0.000568s ]
ERR: 无法加载模块:Dgds

[ 2015-06-14T17:26:12+08:00 ] ::1 /1/dgds/Public/Uploads/Video/2015-06-14//557d37d9da8ab.jpg
INFO: [ app_init ] --START--
INFO: Run Behavior\BuildLiteBehavior [ RunTime:0.000033s ]
INFO: [ app_init ] --END-- [ RunTime:0.000611s ]
ERR: 无法加载模块:Dgds

[ 2015-06-14T17:26:12+08:00 ] ::1 /1/dgds/Public/Uploads/Video/2015-06-14//557d381193ef3.jpg
INFO: [ app_init ] --START--
INFO: Run Behavior\BuildLiteBehavior [ RunTime:0.000033s ]
INFO: [ app_init ] --END-- [ RunTime:0.000827s ]
ERR: 无法加载模块:Dgds

[ 2015-06-14T17:26:12+08:00 ] ::1 /1/dgds/Public/Uploads/Video/2015-06-14//557cea8754542.jpg
INFO: [ app_init ] --START--
INFO: Run Behavior\BuildLiteBehavior [ RunTime:0.000031s ]
INFO: [ app_init ] --END-- [ RunTime:0.000698s ]
ERR: 无法加载模块:Dgds

[ 2015-06-14T17:32:30+08:00 ] ::1 /1/dgds/Public/Uploads/Video/2015-06-14//557d381193ef3.jpg
INFO: [ app_init ] --START--
INFO: Run Behavior\BuildLiteBehavior [ RunTime:0.000038s ]
INFO: [ app_init ] --END-- [ RunTime:0.000932s ]
ERR: 无法加载模块:Dgds

[ 2015-06-14T17:32:30+08:00 ] ::1 /1/dgds/Public/Uploads/Video/2015-06-14//557d4a2b6beab.png
INFO: [ app_init ] --START--
INFO: Run Behavior\BuildLiteBehavior [ RunTime:0.000029s ]
INFO: [ app_init ] --END-- [ RunTime:0.000653s ]
ERR: 无法加载模块:Dgds

[ 2015-06-14T17:32:30+08:00 ] ::1 /1/dgds/Public/Uploads/Video/2015-06-14//557cea8754542.jpg
INFO: [ app_init ] --START--
INFO: Run Behavior\BuildLiteBehavior [ RunTime:0.000033s ]
INFO: [ app_init ] --END-- [ RunTime:0.000746s ]
ERR: 无法加载模块:Dgds

[ 2015-06-14T17:32:30+08:00 ] ::1 /1/dgds/Public/Uploads/Video/2015-06-14//557d37d9da8ab.jpg
INFO: [ app_init ] --START--
INFO: Run Behavior\BuildLiteBehavior [ RunTime:0.000027s ]
INFO: [ app_init ] --END-- [ RunTime:0.000619s ]
ERR: 无法加载模块:Dgds

[ 2015-06-14T17:33:07+08:00 ] ::1 /1/dgds/Public/Uploads/Video/2015-06-14//557d381193ef3.jpg
INFO: [ app_init ] --START--
INFO: Run Behavior\BuildLiteBehavior [ RunTime:0.000031s ]
INFO: [ app_init ] --END-- [ RunTime:0.000633s ]
ERR: 无法加载模块:Dgds

[ 2015-06-14T17:33:07+08:00 ] ::1 /1/dgds/Public/Uploads/Video/2015-06-14//557cea8754542.jpg
INFO: [ app_init ] --START--
INFO: Run Behavior\BuildLiteBehavior [ RunTime:0.000032s ]
INFO: [ app_init ] --END-- [ RunTime:0.000695s ]
ERR: 无法加载模块:Dgds

[ 2015-06-14T17:33:07+08:00 ] ::1 /1/dgds/Public/Uploads/Video/2015-06-14//557d37d9da8ab.jpg
INFO: [ app_init ] --START--
INFO: Run Behavior\BuildLiteBehavior [ RunTime:0.000025s ]
INFO: [ app_init ] --END-- [ RunTime:0.000448s ]
ERR: 无法加载模块:Dgds

