[ 2015-06-09T10:18:51+08:00 ] ::1 /1/dgds/Application/Admin/View/assets/font/fontawesome-webfont.eot?
INFO: [ app_init ] --START--
INFO: Run Behavior\BuildLiteBehavior [ RunTime:0.000028s ]
INFO: [ app_init ] --END-- [ RunTime:0.000649s ]
ERR: 无法加载模块:Dgds

[ 2015-06-09T11:32:50+08:00 ] ::1 /1/dgds/Application/Admin/View/assets/font/fontawesome-webfont.eot?
INFO: [ app_init ] --START--
INFO: Run Behavior\BuildLiteBehavior [ RunTime:0.000022s ]
INFO: [ app_init ] --END-- [ RunTime:0.000445s ]
ERR: 无法加载模块:Dgds

[ 2015-06-09T11:38:09+08:00 ] ::1 /1/dgds/Application/Admin/View/assets/font/fontawesome-webfont.eot?
INFO: [ app_init ] --START--
INFO: Run Behavior\BuildLiteBehavior [ RunTime:0.000020s ]
INFO: [ app_init ] --END-- [ RunTime:0.000386s ]
ERR: 无法加载模块:Dgds

[ 2015-06-09T11:38:22+08:00 ] ::1 /1/dgds/Application/Admin/View/assets/font/fontawesome-webfont.eot?
INFO: [ app_init ] --START--
INFO: Run Behavior\BuildLiteBehavior [ RunTime:0.000030s ]
INFO: [ app_init ] --END-- [ RunTime:0.000561s ]
ERR: 无法加载模块:Dgds

[ 2015-06-09T11:38:25+08:00 ] ::1 /1/dgds/Application/Admin/View/assets/font/fontawesome-webfont.eot?
INFO: [ app_init ] --START--
INFO: Run Behavior\BuildLiteBehavior [ RunTime:0.000019s ]
INFO: [ app_init ] --END-- [ RunTime:0.000367s ]
ERR: 无法加载模块:Dgds

[ 2015-06-09T11:38:30+08:00 ] ::1 /1/dgds/Application/Admin/View/assets/font/fontawesome-webfont.eot?
INFO: [ app_init ] --START--
INFO: Run Behavior\BuildLiteBehavior [ RunTime:0.000030s ]
INFO: [ app_init ] --END-- [ RunTime:0.000504s ]
ERR: 无法加载模块:Dgds

[ 2015-06-09T11:38:32+08:00 ] ::1 /1/dgds/Application/Admin/View/assets/font/fontawesome-webfont.eot?
INFO: [ app_init ] --START--
INFO: Run Behavior\BuildLiteBehavior [ RunTime:0.000139s ]
INFO: [ app_init ] --END-- [ RunTime:0.001054s ]
ERR: 无法加载模块:Dgds

[ 2015-06-09T11:38:33+08:00 ] ::1 /1/dgds/Application/Admin/View/assets/font/fontawesome-webfont.eot?
INFO: [ app_init ] --START--
INFO: Run Behavior\BuildLiteBehavior [ RunTime:0.000020s ]
INFO: [ app_init ] --END-- [ RunTime:0.000373s ]
ERR: 无法加载模块:Dgds

[ 2015-06-09T11:38:35+08:00 ] ::1 /1/dgds/Application/Admin/View/assets/font/fontawesome-webfont.eot?
INFO: [ app_init ] --START--
INFO: Run Behavior\BuildLiteBehavior [ RunTime:0.000020s ]
INFO: [ app_init ] --END-- [ RunTime:0.000374s ]
ERR: 无法加载模块:Dgds

[ 2015-06-09T11:38:38+08:00 ] ::1 /1/dgds/Application/Admin/View/assets/font/fontawesome-webfont.eot?
INFO: [ app_init ] --START--
INFO: Run Behavior\BuildLiteBehavior [ RunTime:0.000019s ]
INFO: [ app_init ] --END-- [ RunTime:0.000392s ]
ERR: 无法加载模块:Dgds

[ 2015-06-09T11:38:40+08:00 ] ::1 /1/dgds/Application/Admin/View/assets/font/fontawesome-webfont.eot?
INFO: [ app_init ] --START--
INFO: Run Behavior\BuildLiteBehavior [ RunTime:0.000036s ]
INFO: [ app_init ] --END-- [ RunTime:0.000624s ]
ERR: 无法加载模块:Dgds

[ 2015-06-09T11:39:36+08:00 ] ::1 /1/dgds/Application/Admin/View/assets/font/fontawesome-webfont.eot?
INFO: [ app_init ] --START--
INFO: Run Behavior\BuildLiteBehavior [ RunTime:0.000033s ]
INFO: [ app_init ] --END-- [ RunTime:0.000595s ]
ERR: 无法加载模块:Dgds

[ 2015-06-09T11:40:28+08:00 ] ::1 /1/dgds/Application/Admin/View/assets/font/fontawesome-webfont.eot?
INFO: [ app_init ] --START--
INFO: Run Behavior\BuildLiteBehavior [ RunTime:0.000019s ]
INFO: [ app_init ] --END-- [ RunTime:0.000367s ]
ERR: 无法加载模块:Dgds

[ 2015-06-09T11:40:31+08:00 ] ::1 /1/dgds/Application/Admin/View/assets/font/fontawesome-webfont.eot?
INFO: [ app_init ] --START--
INFO: Run Behavior\BuildLiteBehavior [ RunTime:0.000021s ]
INFO: [ app_init ] --END-- [ RunTime:0.000397s ]
ERR: 无法加载模块:Dgds

[ 2015-06-09T11:40:33+08:00 ] ::1 /1/dgds/Application/Admin/View/assets/font/fontawesome-webfont.eot?
INFO: [ app_init ] --START--
INFO: Run Behavior\BuildLiteBehavior [ RunTime:0.000036s ]
INFO: [ app_init ] --END-- [ RunTime:0.000865s ]
ERR: 无法加载模块:Dgds

[ 2015-06-09T11:40:35+08:00 ] ::1 /1/dgds/Application/Admin/View/assets/font/fontawesome-webfont.eot?
INFO: [ app_init ] --START--
INFO: Run Behavior\BuildLiteBehavior [ RunTime:0.000022s ]
INFO: [ app_init ] --END-- [ RunTime:0.000496s ]
ERR: 无法加载模块:Dgds

[ 2015-06-09T11:40:36+08:00 ] ::1 /1/dgds/Application/Admin/View/assets/font/fontawesome-webfont.eot?
INFO: [ app_init ] --START--
INFO: Run Behavior\BuildLiteBehavior [ RunTime:0.000020s ]
INFO: [ app_init ] --END-- [ RunTime:0.000387s ]
ERR: 无法加载模块:Dgds

[ 2015-06-09T11:40:38+08:00 ] ::1 /1/dgds/Application/Admin/View/assets/font/fontawesome-webfont.eot?
INFO: [ app_init ] --START--
INFO: Run Behavior\BuildLiteBehavior [ RunTime:0.000058s ]
INFO: [ app_init ] --END-- [ RunTime:0.000668s ]
ERR: 无法加载模块:Dgds

[ 2015-06-09T11:40:40+08:00 ] ::1 /1/dgds/Application/Admin/View/assets/font/fontawesome-webfont.eot?
INFO: [ app_init ] --START--
INFO: Run Behavior\BuildLiteBehavior [ RunTime:0.000034s ]
INFO: [ app_init ] --END-- [ RunTime:0.000625s ]
ERR: 无法加载模块:Dgds

[ 2015-06-09T11:40:42+08:00 ] ::1 /1/dgds/Application/Admin/View/assets/font/fontawesome-webfont.eot?
INFO: [ app_init ] --START--
INFO: Run Behavior\BuildLiteBehavior [ RunTime:0.000020s ]
INFO: [ app_init ] --END-- [ RunTime:0.000389s ]
ERR: 无法加载模块:Dgds

[ 2015-06-09T11:41:01+08:00 ] ::1 /1/dgds/Application/Admin/View/assets/font/fontawesome-webfont.eot?
INFO: [ app_init ] --START--
INFO: Run Behavior\BuildLiteBehavior [ RunTime:0.000021s ]
INFO: [ app_init ] --END-- [ RunTime:0.000463s ]
ERR: 无法加载模块:Dgds

[ 2015-06-09T11:41:06+08:00 ] ::1 /1/dgds/Application/Admin/View/assets/font/fontawesome-webfont.eot?
INFO: [ app_init ] --START--
INFO: Run Behavior\BuildLiteBehavior [ RunTime:0.000029s ]
INFO: [ app_init ] --END-- [ RunTime:0.000668s ]
ERR: 无法加载模块:Dgds

[ 2015-06-09T11:41:16+08:00 ] ::1 /1/dgds/Application/Admin/View/assets/font/fontawesome-webfont.eot?
INFO: [ app_init ] --START--
INFO: Run Behavior\BuildLiteBehavior [ RunTime:0.000047s ]
INFO: [ app_init ] --END-- [ RunTime:0.000720s ]
ERR: 无法加载模块:Dgds

[ 2015-06-09T11:41:31+08:00 ] ::1 /1/dgds/Application/Admin/View/assets/font/fontawesome-webfont.eot?
INFO: [ app_init ] --START--
INFO: Run Behavior\BuildLiteBehavior [ RunTime:0.000034s ]
INFO: [ app_init ] --END-- [ RunTime:0.000656s ]
ERR: 无法加载模块:Dgds

[ 2015-06-09T11:41:42+08:00 ] ::1 /1/dgds/Application/Admin/View/assets/font/fontawesome-webfont.eot?
INFO: [ app_init ] --START--
INFO: Run Behavior\BuildLiteBehavior [ RunTime:0.000021s ]
INFO: [ app_init ] --END-- [ RunTime:0.000419s ]
ERR: 无法加载模块:Dgds

[ 2015-06-09T11:42:38+08:00 ] ::1 /1/dgds/Application/Admin/View/assets/font/fontawesome-webfont.eot?
INFO: [ app_init ] --START--
INFO: Run Behavior\BuildLiteBehavior [ RunTime:0.000032s ]
INFO: [ app_init ] --END-- [ RunTime:0.000576s ]
ERR: 无法加载模块:Dgds

[ 2015-06-09T11:43:25+08:00 ] ::1 /1/dgds/Application/Admin/View/assets/font/fontawesome-webfont.eot?
INFO: [ app_init ] --START--
INFO: Run Behavior\BuildLiteBehavior [ RunTime:0.000021s ]
INFO: [ app_init ] --END-- [ RunTime:0.000386s ]
ERR: 无法加载模块:Dgds

[ 2015-06-09T11:43:28+08:00 ] ::1 /1/dgds/Application/Admin/View/assets/font/fontawesome-webfont.eot?
INFO: [ app_init ] --START--
INFO: Run Behavior\BuildLiteBehavior [ RunTime:0.000022s ]
INFO: [ app_init ] --END-- [ RunTime:0.000409s ]
ERR: 无法加载模块:Dgds

[ 2015-06-09T11:43:30+08:00 ] ::1 /1/dgds/Application/Admin/View/assets/font/fontawesome-webfont.eot?
INFO: [ app_init ] --START--
INFO: Run Behavior\BuildLiteBehavior [ RunTime:0.000020s ]
INFO: [ app_init ] --END-- [ RunTime:0.000375s ]
ERR: 无法加载模块:Dgds

[ 2015-06-09T11:43:32+08:00 ] ::1 /1/dgds/Application/Admin/View/assets/font/fontawesome-webfont.eot?
INFO: [ app_init ] --START--
INFO: Run Behavior\BuildLiteBehavior [ RunTime:0.000084s ]
INFO: [ app_init ] --END-- [ RunTime:0.001114s ]
ERR: 无法加载模块:Dgds

[ 2015-06-09T11:43:33+08:00 ] ::1 /1/dgds/Application/Admin/View/assets/font/fontawesome-webfont.eot?
INFO: [ app_init ] --START--
INFO: Run Behavior\BuildLiteBehavior [ RunTime:0.000032s ]
INFO: [ app_init ] --END-- [ RunTime:0.000546s ]
ERR: 无法加载模块:Dgds

[ 2015-06-09T11:43:35+08:00 ] ::1 /1/dgds/Application/Admin/View/assets/font/fontawesome-webfont.eot?
INFO: [ app_init ] --START--
INFO: Run Behavior\BuildLiteBehavior [ RunTime:0.000030s ]
INFO: [ app_init ] --END-- [ RunTime:0.000576s ]
ERR: 无法加载模块:Dgds

[ 2015-06-09T11:43:36+08:00 ] ::1 /1/dgds/Application/Admin/View/assets/font/fontawesome-webfont.eot?
INFO: [ app_init ] --START--
INFO: Run Behavior\BuildLiteBehavior [ RunTime:0.000020s ]
INFO: [ app_init ] --END-- [ RunTime:0.000407s ]
ERR: 无法加载模块:Dgds

[ 2015-06-09T11:43:38+08:00 ] ::1 /1/dgds/Application/Admin/View/assets/font/fontawesome-webfont.eot?
INFO: [ app_init ] --START--
INFO: Run Behavior\BuildLiteBehavior [ RunTime:0.000029s ]
INFO: [ app_init ] --END-- [ RunTime:0.000586s ]
ERR: 无法加载模块:Dgds

[ 2015-06-09T11:43:45+08:00 ] ::1 /1/dgds/Application/Admin/View/assets/font/fontawesome-webfont.eot?
INFO: [ app_init ] --START--
INFO: Run Behavior\BuildLiteBehavior [ RunTime:0.000028s ]
INFO: [ app_init ] --END-- [ RunTime:0.000539s ]
ERR: 无法加载模块:Dgds

[ 2015-06-09T11:43:47+08:00 ] ::1 /1/dgds/Application/Admin/View/assets/font/fontawesome-webfont.eot?
INFO: [ app_init ] --START--
INFO: Run Behavior\BuildLiteBehavior [ RunTime:0.000019s ]
INFO: [ app_init ] --END-- [ RunTime:0.000396s ]
ERR: 无法加载模块:Dgds

[ 2015-06-09T11:44:42+08:00 ] ::1 /1/dgds/Application/Admin/View/assets/font/fontawesome-webfont.eot?
INFO: [ app_init ] --START--
INFO: Run Behavior\BuildLiteBehavior [ RunTime:0.000019s ]
INFO: [ app_init ] --END-- [ RunTime:0.000377s ]
ERR: 无法加载模块:Dgds

[ 2015-06-09T11:45:31+08:00 ] ::1 /1/dgds/Application/Admin/View/assets/font/fontawesome-webfont.eot?
INFO: [ app_init ] --START--
INFO: Run Behavior\BuildLiteBehavior [ RunTime:0.000033s ]
INFO: [ app_init ] --END-- [ RunTime:0.000561s ]
ERR: 无法加载模块:Dgds

