[ 2015-06-20T21:10:26+08:00 ] ::1 /dgds_6.18/2/dgds/index.php/Admin/login
ERR: 无法加载控制器:Login

[ 2015-06-20T21:12:42+08:00 ] ::1 /dgds_6.18/2/dgds/index.php/Admin/login
ERR: 无法加载控制器:Login

[ 2015-06-20T21:13:56+08:00 ] ::1 /dgds_6.18/2/dgds/index.php/Admin/ADmin/index
ERR: 无法加载控制器:ADmin

[ 2015-06-20T21:45:57+08:00 ] ::1 /dgds_6.18/2/dgds/index.php/Admin/Login/getVerify
ERR: 无法加载控制器:Login

[ 2015-06-20T21:48:16+08:00 ] ::1 /dgds_6.18/2/dgds/index.php/Admin/Login/login
ERR: 无法加载控制器:Login

[ 2015-06-20T21:50:05+08:00 ] ::1 /dgds_6.18/2/dgds/index.php/Admin/Login/login
ERR: 无法加载控制器:Login

[ 2015-06-20T21:55:13+08:00 ] ::1 /dgds_6.18/2/dgds/index.php/Admin/Welcome/index
ERR: 无法加载控制器:Welcome

[ 2015-06-20T21:55:59+08:00 ] ::1 /dgds_6.18/2/dgds/index.php/Admin/Welcome/index
ERR: 无法加载控制器:Welcome

[ 2015-06-20T21:56:25+08:00 ] ::1 /dgds_6.18/2/dgds/index.php/Admin/Welcome/index
ERR: 无法加载控制器:Welcome

[ 2015-06-20T22:06:10+08:00 ] ::1 /dgds_6.18/2/dgds/index.php/Admin/Welcome/index
ERR: 无法加载控制器:Welcome

[ 2015-06-20T22:07:24+08:00 ] ::1 /dgds_6.18/2/dgds/index.php/Admin/Welcome/index
ERR: 无法加载控制器:Welcome

[ 2015-06-20T22:07:27+08:00 ] ::1 /dgds_6.18/2/dgds/index.php/Admin/Welcome/index
ERR: 无法加载控制器:Welcome

[ 2015-06-20T22:31:15+08:00 ] ::1 /dgds_6.18/2/dgds/index.php/Admin/Assets/Admin/js/jquery-1.11.3.min.js
ERR: 无法加载控制器:Assets

[ 2015-06-20T22:50:00+08:00 ] ::1 /dgds_6.18/2/dgds/index.php/Admin/Assets/Admin/js/jquery-1.11.3.min.js
ERR: 无法加载控制器:Assets

[ 2015-06-20T22:50:15+08:00 ] ::1 /dgds_6.18/2/dgds/index.php/Admin/Assets/Admin/js/jquery-1.11.3.min.js
ERR: 无法加载控制器:Assets

