[ 2015-06-14T10:12:55+08:00 ] ::1 /1/dgds/index.php/Admin/File/100
ERR: 非法操作:100

[ 2015-06-14T10:13:40+08:00 ] ::1 /1/dgds/index.php/Admin/File/100
ERR: 非法操作:100

[ 2015-06-14T10:13:42+08:00 ] ::1 /1/dgds/index.php/Admin/File/100
ERR: 非法操作:100

[ 2015-06-14T10:13:46+08:00 ] ::1 /1/dgds/index.php/Admin/File/100
ERR: 非法操作:100

[ 2015-06-14T10:13:56+08:00 ] ::1 /1/dgds/index.php/Admin/File/100
ERR: 非法操作:100

[ 2015-06-14T10:13:58+08:00 ] ::1 /1/dgds/index.php/Admin/File/100
ERR: 非法操作:100

[ 2015-06-14T10:13:59+08:00 ] ::1 /1/dgds/index.php/Admin/File/100
ERR: 非法操作:100

[ 2015-06-14T10:14:01+08:00 ] ::1 /1/dgds/index.php/Admin/File/100
ERR: 非法操作:100

[ 2015-06-14T10:14:03+08:00 ] ::1 /1/dgds/index.php/Admin/File/100
ERR: 非法操作:100

[ 2015-06-14T10:14:04+08:00 ] ::1 /1/dgds/index.php/Admin/File/100
ERR: 非法操作:100

[ 2015-06-14T10:14:06+08:00 ] ::1 /1/dgds/index.php/Admin/File/100
ERR: 非法操作:100

[ 2015-06-14T10:14:07+08:00 ] ::1 /1/dgds/index.php/Admin/File/100
ERR: 非法操作:100

[ 2015-06-14T10:14:09+08:00 ] ::1 /1/dgds/index.php/Admin/File/100
ERR: 非法操作:100

[ 2015-06-14T10:14:11+08:00 ] ::1 /1/dgds/index.php/Admin/File/100
ERR: 非法操作:100

[ 2015-06-14T10:14:12+08:00 ] ::1 /1/dgds/index.php/Admin/File/100
ERR: 非法操作:100

[ 2015-06-14T10:14:14+08:00 ] ::1 /1/dgds/index.php/Admin/File/100
ERR: 非法操作:100

[ 2015-06-14T10:14:16+08:00 ] ::1 /1/dgds/index.php/Admin/File/100
ERR: 非法操作:100

[ 2015-06-14T10:14:18+08:00 ] ::1 /1/dgds/index.php/Admin/File/100
ERR: 非法操作:100

[ 2015-06-14T10:14:19+08:00 ] ::1 /1/dgds/index.php/Admin/File/100
ERR: 非法操作:100

[ 2015-06-14T10:14:22+08:00 ] ::1 /1/dgds/index.php/Admin/File/100
ERR: 非法操作:100

[ 2015-06-14T10:14:24+08:00 ] ::1 /1/dgds/index.php/Admin/File/100
ERR: 非法操作:100

[ 2015-06-14T10:14:25+08:00 ] ::1 /1/dgds/index.php/Admin/File/100
ERR: 非法操作:100

[ 2015-06-14T10:14:27+08:00 ] ::1 /1/dgds/index.php/Admin/File/100
ERR: 非法操作:100

[ 2015-06-14T10:14:29+08:00 ] ::1 /1/dgds/index.php/Admin/File/100
ERR: 非法操作:100

[ 2015-06-14T10:14:30+08:00 ] ::1 /1/dgds/index.php/Admin/File/100
ERR: 非法操作:100

[ 2015-06-14T10:14:32+08:00 ] ::1 /1/dgds/index.php/Admin/File/100
ERR: 非法操作:100

[ 2015-06-14T11:12:41+08:00 ] ::1 /1/dgds/index.php/Admin/File/__PIC__/$v['path']/$v['image']
ERR: 非法操作:__PIC__

[ 2015-06-14T16:11:39+08:00 ] ::1 /1/dgds/index.php/Admin/Picnews%E3%80%81
ERR: 无法加载控制器:Picnews、

